[2026-04-05T06:41:50.979+0000] {manager.py:483} INFO - Processing files using up to 2 processes at a time 
[2026-04-05T06:41:50.979+0000] {manager.py:484} INFO - Process each file at most once every 30 seconds
[2026-04-05T06:41:50.979+0000] {manager.py:485} INFO - Checking for new files in /opt/airflow/dags every 300 seconds
[2026-04-05T06:41:50.979+0000] {manager.py:821} INFO - Searching for files in /opt/airflow/dags
[2026-04-05T06:41:50.982+0000] {manager.py:824} INFO - There are 1 files in /opt/airflow/dags
[2026-04-05T06:41:51.018+0000] {manager.py:997} INFO - 
================================================================================
DAG File Processing Stats

File Path                                      PID  Runtime      # DAGs    # Errors  Last Runtime    Last Run      Last # of DB Queries
-------------------------------------------  -----  ---------  --------  ----------  --------------  ----------  ----------------------
/opt/airflow/dags/employee_data_pipeline.py    167  0.01s             0           0                                                   0
================================================================================
[2026-04-05T06:42:21.310+0000] {manager.py:997} INFO - 
================================================================================
DAG File Processing Stats

File Path                                      PID  Runtime      # DAGs    # Errors  Last Runtime    Last Run               Last # of DB Queries
-------------------------------------------  -----  ---------  --------  ----------  --------------  -------------------  ----------------------
/opt/airflow/dags/employee_data_pipeline.py    172  0.02s             1           0  0.21s           2026-04-05T06:41:51                      45
================================================================================
[2026-04-05T06:42:36.076+0000] {manager.py:465} INFO - Exiting gracefully upon receiving signal 15
[2026-04-05T06:42:58.704+0000] {manager.py:483} INFO - Processing files using up to 2 processes at a time 
[2026-04-05T06:42:58.704+0000] {manager.py:484} INFO - Process each file at most once every 30 seconds
[2026-04-05T06:42:58.704+0000] {manager.py:485} INFO - Checking for new files in /opt/airflow/dags every 300 seconds
[2026-04-05T06:42:58.705+0000] {manager.py:821} INFO - Searching for files in /opt/airflow/dags
[2026-04-05T06:42:58.706+0000] {manager.py:824} INFO - There are 1 files in /opt/airflow/dags
[2026-04-05T06:42:58.760+0000] {manager.py:997} INFO - 
================================================================================
DAG File Processing Stats

File Path                                      PID  Runtime      # DAGs    # Errors  Last Runtime    Last Run      Last # of DB Queries
-------------------------------------------  -----  ---------  --------  ----------  --------------  ----------  ----------------------
/opt/airflow/dags/employee_data_pipeline.py    167  0.02s             0           0                                                   0
================================================================================
[2026-04-05T06:43:28.993+0000] {manager.py:997} INFO - 
================================================================================
DAG File Processing Stats

File Path                                    PID    Runtime      # DAGs    # Errors  Last Runtime    Last Run               Last # of DB Queries
-------------------------------------------  -----  ---------  --------  ----------  --------------  -------------------  ----------------------
/opt/airflow/dags/employee_data_pipeline.py                           1           0  0.28s           2026-04-05T06:42:59                      45
================================================================================
[2026-04-05T06:43:59.543+0000] {manager.py:997} INFO - 
================================================================================
DAG File Processing Stats

File Path                                      PID  Runtime      # DAGs    # Errors  Last Runtime    Last Run               Last # of DB Queries
-------------------------------------------  -----  ---------  --------  ----------  --------------  -------------------  ----------------------
/opt/airflow/dags/employee_data_pipeline.py    177  0.01s             1           0  0.11s           2026-04-05T06:43:29                      12
================================================================================
[2026-04-05T06:44:29.868+0000] {manager.py:997} INFO - 
================================================================================
DAG File Processing Stats

File Path                                      PID  Runtime      # DAGs    # Errors  Last Runtime    Last Run               Last # of DB Queries
-------------------------------------------  -----  ---------  --------  ----------  --------------  -------------------  ----------------------
/opt/airflow/dags/employee_data_pipeline.py    182  0.01s             1           0  0.11s           2026-04-05T06:43:59                      12
================================================================================
[2026-04-05T06:45:00.212+0000] {manager.py:997} INFO - 
================================================================================
DAG File Processing Stats

File Path                                      PID  Runtime      # DAGs    # Errors  Last Runtime    Last Run               Last # of DB Queries
-------------------------------------------  -----  ---------  --------  ----------  --------------  -------------------  ----------------------
/opt/airflow/dags/employee_data_pipeline.py    187  0.01s             1           0  0.07s           2026-04-05T06:44:29                      12
================================================================================
[2026-04-05T06:45:30.551+0000] {manager.py:997} INFO - 
================================================================================
DAG File Processing Stats

File Path                                      PID  Runtime      # DAGs    # Errors  Last Runtime    Last Run               Last # of DB Queries
-------------------------------------------  -----  ---------  --------  ----------  --------------  -------------------  ----------------------
/opt/airflow/dags/employee_data_pipeline.py    235  0.02s             1           0  0.10s           2026-04-05T06:45:00                      12
================================================================================
[2026-04-05T06:46:00.930+0000] {manager.py:997} INFO - 
================================================================================
DAG File Processing Stats

File Path                                      PID  Runtime      # DAGs    # Errors  Last Runtime    Last Run               Last # of DB Queries
-------------------------------------------  -----  ---------  --------  ----------  --------------  -------------------  ----------------------
/opt/airflow/dags/employee_data_pipeline.py    240  0.01s             1           0  0.11s           2026-04-05T06:45:30                      12
================================================================================
[2026-04-05T06:46:31.281+0000] {manager.py:997} INFO - 
================================================================================
DAG File Processing Stats

File Path                                      PID  Runtime      # DAGs    # Errors  Last Runtime    Last Run               Last # of DB Queries
-------------------------------------------  -----  ---------  --------  ----------  --------------  -------------------  ----------------------
/opt/airflow/dags/employee_data_pipeline.py    245  0.01s             1           0  0.10s           2026-04-05T06:46:01                      12
================================================================================
[2026-04-05T06:47:01.650+0000] {manager.py:997} INFO - 
================================================================================
DAG File Processing Stats

File Path                                    PID    Runtime      # DAGs    # Errors  Last Runtime    Last Run               Last # of DB Queries
-------------------------------------------  -----  ---------  --------  ----------  --------------  -------------------  ----------------------
/opt/airflow/dags/employee_data_pipeline.py                           1           0  0.10s           2026-04-05T06:46:47                      12
================================================================================
[2026-04-05T06:47:31.975+0000] {manager.py:997} INFO - 
================================================================================
DAG File Processing Stats

File Path                                    PID    Runtime      # DAGs    # Errors  Last Runtime    Last Run               Last # of DB Queries
-------------------------------------------  -----  ---------  --------  ----------  --------------  -------------------  ----------------------
/opt/airflow/dags/employee_data_pipeline.py                           1           0  0.10s           2026-04-05T06:47:17                      12
================================================================================
[2026-04-05T06:47:40.750+0000] {manager.py:465} INFO - Exiting gracefully upon receiving signal 15
[2026-04-05T06:48:02.852+0000] {manager.py:483} INFO - Processing files using up to 2 processes at a time 
[2026-04-05T06:48:02.852+0000] {manager.py:484} INFO - Process each file at most once every 30 seconds
[2026-04-05T06:48:02.852+0000] {manager.py:485} INFO - Checking for new files in /opt/airflow/dags every 300 seconds
[2026-04-05T06:48:02.852+0000] {manager.py:821} INFO - Searching for files in /opt/airflow/dags
[2026-04-05T06:48:02.854+0000] {manager.py:824} INFO - There are 1 files in /opt/airflow/dags
[2026-04-05T06:48:02.896+0000] {manager.py:997} INFO - 
================================================================================
DAG File Processing Stats

File Path                                      PID  Runtime      # DAGs    # Errors  Last Runtime    Last Run      Last # of DB Queries
-------------------------------------------  -----  ---------  --------  ----------  --------------  ----------  ----------------------
/opt/airflow/dags/employee_data_pipeline.py    167  0.01s             0           0                                                   0
================================================================================
[2026-04-05T06:48:33.118+0000] {manager.py:997} INFO - 
================================================================================
DAG File Processing Stats

File Path                                    PID    Runtime      # DAGs    # Errors  Last Runtime    Last Run               Last # of DB Queries
-------------------------------------------  -----  ---------  --------  ----------  --------------  -------------------  ----------------------
/opt/airflow/dags/employee_data_pipeline.py                           1           0  0.24s           2026-04-05T06:48:03                      45
================================================================================
[2026-04-05T06:49:03.771+0000] {manager.py:997} INFO - 
================================================================================
DAG File Processing Stats

File Path                                      PID  Runtime      # DAGs    # Errors  Last Runtime    Last Run               Last # of DB Queries
-------------------------------------------  -----  ---------  --------  ----------  --------------  -------------------  ----------------------
/opt/airflow/dags/employee_data_pipeline.py    177  0.02s             1           0  0.09s           2026-04-05T06:48:33                      12
================================================================================
[2026-04-05T06:49:34.156+0000] {manager.py:997} INFO - 
================================================================================
DAG File Processing Stats

File Path                                      PID  Runtime      # DAGs    # Errors  Last Runtime    Last Run               Last # of DB Queries
-------------------------------------------  -----  ---------  --------  ----------  --------------  -------------------  ----------------------
/opt/airflow/dags/employee_data_pipeline.py    182  0.01s             1           0  0.08s           2026-04-05T06:49:03                      12
================================================================================
[2026-04-05T06:50:04.552+0000] {manager.py:997} INFO - 
================================================================================
DAG File Processing Stats

File Path                                      PID  Runtime      # DAGs    # Errors  Last Runtime    Last Run               Last # of DB Queries
-------------------------------------------  -----  ---------  --------  ----------  --------------  -------------------  ----------------------
/opt/airflow/dags/employee_data_pipeline.py    187  0.02s             1           0  0.09s           2026-04-05T06:49:34                      12
================================================================================
[2026-04-05T06:50:34.945+0000] {manager.py:997} INFO - 
================================================================================
DAG File Processing Stats

File Path                                      PID  Runtime      # DAGs    # Errors  Last Runtime    Last Run               Last # of DB Queries
-------------------------------------------  -----  ---------  --------  ----------  --------------  -------------------  ----------------------
/opt/airflow/dags/employee_data_pipeline.py    192  0.01s             1           0  0.10s           2026-04-05T06:50:04                      12
================================================================================
[2026-04-05T06:51:05.308+0000] {manager.py:997} INFO - 
================================================================================
DAG File Processing Stats

File Path                                      PID  Runtime      # DAGs    # Errors  Last Runtime    Last Run               Last # of DB Queries
-------------------------------------------  -----  ---------  --------  ----------  --------------  -------------------  ----------------------
/opt/airflow/dags/employee_data_pipeline.py    197  0.03s             1           0  0.09s           2026-04-05T06:50:35                      12
================================================================================
[2026-04-05T06:51:35.662+0000] {manager.py:997} INFO - 
================================================================================
DAG File Processing Stats

File Path                                    PID    Runtime      # DAGs    # Errors  Last Runtime    Last Run               Last # of DB Queries
-------------------------------------------  -----  ---------  --------  ----------  --------------  -------------------  ----------------------
/opt/airflow/dags/employee_data_pipeline.py                           1           0  0.10s           2026-04-05T06:51:29                      12
================================================================================
[2026-04-05T06:52:05.924+0000] {manager.py:997} INFO - 
================================================================================
DAG File Processing Stats

File Path                                    PID    Runtime      # DAGs    # Errors  Last Runtime    Last Run               Last # of DB Queries
-------------------------------------------  -----  ---------  --------  ----------  --------------  -------------------  ----------------------
/opt/airflow/dags/employee_data_pipeline.py                           1           0  0.09s           2026-04-05T06:51:59                      12
================================================================================
[2026-04-05T06:52:36.304+0000] {manager.py:997} INFO - 
================================================================================
DAG File Processing Stats

File Path                                    PID    Runtime      # DAGs    # Errors  Last Runtime    Last Run               Last # of DB Queries
-------------------------------------------  -----  ---------  --------  ----------  --------------  -------------------  ----------------------
/opt/airflow/dags/employee_data_pipeline.py                           1           0  0.11s           2026-04-05T06:52:30                      12
================================================================================
[2026-04-05T06:53:03.665+0000] {manager.py:821} INFO - Searching for files in /opt/airflow/dags
[2026-04-05T06:53:03.668+0000] {manager.py:824} INFO - There are 1 files in /opt/airflow/dags
[2026-04-05T06:53:06.702+0000] {manager.py:997} INFO - 
================================================================================
DAG File Processing Stats

File Path                                    PID    Runtime      # DAGs    # Errors  Last Runtime    Last Run               Last # of DB Queries
-------------------------------------------  -----  ---------  --------  ----------  --------------  -------------------  ----------------------
/opt/airflow/dags/employee_data_pipeline.py                           1           0  0.11s           2026-04-05T06:53:00                      12
================================================================================
[2026-04-05T06:53:37.003+0000] {manager.py:997} INFO - 
================================================================================
DAG File Processing Stats

File Path                                    PID    Runtime      # DAGs    # Errors  Last Runtime    Last Run               Last # of DB Queries
-------------------------------------------  -----  ---------  --------  ----------  --------------  -------------------  ----------------------
/opt/airflow/dags/employee_data_pipeline.py                           1           0  0.10s           2026-04-05T06:53:31                      12
================================================================================
[2026-04-05T06:54:07.330+0000] {manager.py:997} INFO - 
================================================================================
DAG File Processing Stats

File Path                                    PID    Runtime      # DAGs    # Errors  Last Runtime    Last Run               Last # of DB Queries
-------------------------------------------  -----  ---------  --------  ----------  --------------  -------------------  ----------------------
/opt/airflow/dags/employee_data_pipeline.py                           1           0  0.14s           2026-04-05T06:54:01                      12
================================================================================
[2026-04-05T06:54:58.130+0000] {manager.py:483} INFO - Processing files using up to 2 processes at a time 
[2026-04-05T06:54:58.131+0000] {manager.py:484} INFO - Process each file at most once every 30 seconds
[2026-04-05T06:54:58.132+0000] {manager.py:485} INFO - Checking for new files in /opt/airflow/dags every 300 seconds
[2026-04-05T06:54:58.134+0000] {manager.py:821} INFO - Searching for files in /opt/airflow/dags
[2026-04-05T06:54:58.137+0000] {manager.py:824} INFO - There are 1 files in /opt/airflow/dags
[2026-04-05T06:54:58.174+0000] {manager.py:997} INFO - 
================================================================================
DAG File Processing Stats

File Path                                      PID  Runtime      # DAGs    # Errors  Last Runtime    Last Run      Last # of DB Queries
-------------------------------------------  -----  ---------  --------  ----------  --------------  ----------  ----------------------
/opt/airflow/dags/employee_data_pipeline.py    167  0.01s             0           0                                                   0
================================================================================
[2026-04-05T06:55:28.437+0000] {manager.py:997} INFO - 
================================================================================
DAG File Processing Stats

File Path                                      PID  Runtime      # DAGs    # Errors  Last Runtime    Last Run               Last # of DB Queries
-------------------------------------------  -----  ---------  --------  ----------  --------------  -------------------  ----------------------
/opt/airflow/dags/employee_data_pipeline.py    172  0.01s             1           0  0.17s           2026-04-05T06:54:58                      43
================================================================================
[2026-04-05T06:55:58.742+0000] {manager.py:997} INFO - 
================================================================================
DAG File Processing Stats

File Path                                      PID  Runtime      # DAGs    # Errors  Last Runtime    Last Run               Last # of DB Queries
-------------------------------------------  -----  ---------  --------  ----------  --------------  -------------------  ----------------------
/opt/airflow/dags/employee_data_pipeline.py    209  0.01s             1           0  0.09s           2026-04-05T06:55:28                      10
================================================================================
[2026-04-05T06:56:29.031+0000] {manager.py:997} INFO - 
================================================================================
DAG File Processing Stats

File Path                                      PID  Runtime      # DAGs    # Errors  Last Runtime    Last Run               Last # of DB Queries
-------------------------------------------  -----  ---------  --------  ----------  --------------  -------------------  ----------------------
/opt/airflow/dags/employee_data_pipeline.py    214  0.01s             1           0  0.10s           2026-04-05T06:55:58                      10
================================================================================
[2026-04-05T06:56:59.399+0000] {manager.py:997} INFO - 
================================================================================
DAG File Processing Stats

File Path                                      PID  Runtime      # DAGs    # Errors  Last Runtime    Last Run               Last # of DB Queries
-------------------------------------------  -----  ---------  --------  ----------  --------------  -------------------  ----------------------
/opt/airflow/dags/employee_data_pipeline.py    219  0.01s             1           0  0.07s           2026-04-05T06:56:29                      10
================================================================================
[2026-04-05T06:57:29.744+0000] {manager.py:997} INFO - 
================================================================================
DAG File Processing Stats

File Path                                      PID  Runtime      # DAGs    # Errors  Last Runtime    Last Run               Last # of DB Queries
-------------------------------------------  -----  ---------  --------  ----------  --------------  -------------------  ----------------------
/opt/airflow/dags/employee_data_pipeline.py    224  0.01s             1           0  0.10s           2026-04-05T06:56:59                      10
================================================================================
[2026-04-05T06:58:09.678+0000] {manager.py:483} INFO - Processing files using up to 2 processes at a time 
[2026-04-05T06:58:09.678+0000] {manager.py:484} INFO - Process each file at most once every 30 seconds
[2026-04-05T06:58:09.679+0000] {manager.py:485} INFO - Checking for new files in /opt/airflow/dags every 300 seconds
[2026-04-05T06:58:09.679+0000] {manager.py:821} INFO - Searching for files in /opt/airflow/dags
[2026-04-05T06:58:09.681+0000] {manager.py:824} INFO - There are 1 files in /opt/airflow/dags
[2026-04-05T06:58:09.724+0000] {manager.py:997} INFO - 
================================================================================
DAG File Processing Stats

File Path                                      PID  Runtime      # DAGs    # Errors  Last Runtime    Last Run      Last # of DB Queries
-------------------------------------------  -----  ---------  --------  ----------  --------------  ----------  ----------------------
/opt/airflow/dags/employee_data_pipeline.py    167  0.01s             0           0                                                   0
================================================================================
[2026-04-05T06:58:39.986+0000] {manager.py:997} INFO - 
================================================================================
DAG File Processing Stats

File Path                                      PID  Runtime      # DAGs    # Errors  Last Runtime    Last Run               Last # of DB Queries
-------------------------------------------  -----  ---------  --------  ----------  --------------  -------------------  ----------------------
/opt/airflow/dags/employee_data_pipeline.py    172  0.01s             1           0  0.21s           2026-04-05T06:58:09                      43
================================================================================
[2026-04-05T06:59:10.323+0000] {manager.py:997} INFO - 
================================================================================
DAG File Processing Stats

File Path                                      PID  Runtime      # DAGs    # Errors  Last Runtime    Last Run               Last # of DB Queries
-------------------------------------------  -----  ---------  --------  ----------  --------------  -------------------  ----------------------
/opt/airflow/dags/employee_data_pipeline.py    177  0.01s             1           0  0.10s           2026-04-05T06:58:40                      10
================================================================================
[2026-04-05T06:59:40.701+0000] {manager.py:997} INFO - 
================================================================================
DAG File Processing Stats

File Path                                      PID  Runtime      # DAGs    # Errors  Last Runtime    Last Run               Last # of DB Queries
-------------------------------------------  -----  ---------  --------  ----------  --------------  -------------------  ----------------------
/opt/airflow/dags/employee_data_pipeline.py    182  0.01s             1           0  0.08s           2026-04-05T06:59:10                      10
================================================================================
[2026-04-05T07:00:11.072+0000] {manager.py:997} INFO - 
================================================================================
DAG File Processing Stats

File Path                                      PID  Runtime      # DAGs    # Errors  Last Runtime    Last Run               Last # of DB Queries
-------------------------------------------  -----  ---------  --------  ----------  --------------  -------------------  ----------------------
/opt/airflow/dags/employee_data_pipeline.py    227  0.02s             1           0  0.08s           2026-04-05T06:59:40                      10
================================================================================
[2026-04-05T07:00:41.437+0000] {manager.py:997} INFO - 
================================================================================
DAG File Processing Stats

File Path                                      PID  Runtime      # DAGs    # Errors  Last Runtime    Last Run               Last # of DB Queries
-------------------------------------------  -----  ---------  --------  ----------  --------------  -------------------  ----------------------
/opt/airflow/dags/employee_data_pipeline.py    232  0.03s             1           0  0.11s           2026-04-05T07:00:11                      10
================================================================================
[2026-04-05T07:01:11.807+0000] {manager.py:997} INFO - 
================================================================================
DAG File Processing Stats

File Path                                      PID  Runtime      # DAGs    # Errors  Last Runtime    Last Run               Last # of DB Queries
-------------------------------------------  -----  ---------  --------  ----------  --------------  -------------------  ----------------------
/opt/airflow/dags/employee_data_pipeline.py    237  0.02s             1           0  0.14s           2026-04-05T07:00:41                      10
================================================================================
[2026-04-05T07:01:42.166+0000] {manager.py:997} INFO - 
================================================================================
DAG File Processing Stats

File Path                                      PID  Runtime      # DAGs    # Errors  Last Runtime    Last Run               Last # of DB Queries
-------------------------------------------  -----  ---------  --------  ----------  --------------  -------------------  ----------------------
/opt/airflow/dags/employee_data_pipeline.py    242  0.01s             1           0  0.13s           2026-04-05T07:01:11                      10
================================================================================
[2026-04-05T07:02:12.560+0000] {manager.py:997} INFO - 
================================================================================
DAG File Processing Stats

File Path                                      PID  Runtime      # DAGs    # Errors  Last Runtime    Last Run               Last # of DB Queries
-------------------------------------------  -----  ---------  --------  ----------  --------------  -------------------  ----------------------
/opt/airflow/dags/employee_data_pipeline.py    247  0.02s             1           0  0.07s           2026-04-05T07:01:42                      10
================================================================================
[2026-04-05T07:02:42.929+0000] {manager.py:997} INFO - 
================================================================================
DAG File Processing Stats

File Path                                      PID  Runtime      # DAGs    # Errors  Last Runtime    Last Run               Last # of DB Queries
-------------------------------------------  -----  ---------  --------  ----------  --------------  -------------------  ----------------------
/opt/airflow/dags/employee_data_pipeline.py    252  0.01s             1           0  0.12s           2026-04-05T07:02:12                      10
================================================================================
[2026-04-05T07:03:10.276+0000] {manager.py:821} INFO - Searching for files in /opt/airflow/dags
[2026-04-05T07:03:10.284+0000] {manager.py:824} INFO - There are 1 files in /opt/airflow/dags
[2026-04-05T07:03:13.350+0000] {manager.py:997} INFO - 
================================================================================
DAG File Processing Stats

File Path                                      PID  Runtime      # DAGs    # Errors  Last Runtime    Last Run               Last # of DB Queries
-------------------------------------------  -----  ---------  --------  ----------  --------------  -------------------  ----------------------
/opt/airflow/dags/employee_data_pipeline.py    257  0.01s             1           0  0.08s           2026-04-05T07:02:42                      10
================================================================================
[2026-04-05T07:03:43.652+0000] {manager.py:997} INFO - 
================================================================================
DAG File Processing Stats

File Path                                      PID  Runtime      # DAGs    # Errors  Last Runtime    Last Run               Last # of DB Queries
-------------------------------------------  -----  ---------  --------  ----------  --------------  -------------------  ----------------------
/opt/airflow/dags/employee_data_pipeline.py    262  0.01s             1           0  0.08s           2026-04-05T07:03:13                      10
================================================================================
[2026-04-05T07:04:14.050+0000] {manager.py:997} INFO - 
================================================================================
DAG File Processing Stats

File Path                                      PID  Runtime      # DAGs    # Errors  Last Runtime    Last Run               Last # of DB Queries
-------------------------------------------  -----  ---------  --------  ----------  --------------  -------------------  ----------------------
/opt/airflow/dags/employee_data_pipeline.py    267  0.02s             1           0  0.07s           2026-04-05T07:03:43                      10
================================================================================
[2026-04-05T07:04:44.415+0000] {manager.py:997} INFO - 
================================================================================
DAG File Processing Stats

File Path                                      PID  Runtime      # DAGs    # Errors  Last Runtime    Last Run               Last # of DB Queries
-------------------------------------------  -----  ---------  --------  ----------  --------------  -------------------  ----------------------
/opt/airflow/dags/employee_data_pipeline.py    272  0.01s             1           0  0.09s           2026-04-05T07:04:14                      10
================================================================================
[2026-04-05T07:05:14.825+0000] {manager.py:997} INFO - 
================================================================================
DAG File Processing Stats

File Path                                      PID  Runtime      # DAGs    # Errors  Last Runtime    Last Run               Last # of DB Queries
-------------------------------------------  -----  ---------  --------  ----------  --------------  -------------------  ----------------------
/opt/airflow/dags/employee_data_pipeline.py    277  0.01s             1           0  0.10s           2026-04-05T07:04:44                      10
================================================================================
[2026-04-05T07:05:45.215+0000] {manager.py:997} INFO - 
================================================================================
DAG File Processing Stats

File Path                                      PID  Runtime      # DAGs    # Errors  Last Runtime    Last Run               Last # of DB Queries
-------------------------------------------  -----  ---------  --------  ----------  --------------  -------------------  ----------------------
/opt/airflow/dags/employee_data_pipeline.py    282  0.02s             1           0  0.11s           2026-04-05T07:05:14                      10
================================================================================
[2026-04-05T07:06:15.572+0000] {manager.py:997} INFO - 
================================================================================
DAG File Processing Stats

File Path                                      PID  Runtime      # DAGs    # Errors  Last Runtime    Last Run               Last # of DB Queries
-------------------------------------------  -----  ---------  --------  ----------  --------------  -------------------  ----------------------
/opt/airflow/dags/employee_data_pipeline.py    287  0.01s             1           0  0.10s           2026-04-05T07:05:45                      10
================================================================================
[2026-04-05T07:06:46.003+0000] {manager.py:997} INFO - 
================================================================================
DAG File Processing Stats

File Path                                    PID    Runtime      # DAGs    # Errors  Last Runtime    Last Run               Last # of DB Queries
-------------------------------------------  -----  ---------  --------  ----------  --------------  -------------------  ----------------------
/opt/airflow/dags/employee_data_pipeline.py                           1           0  0.07s           2026-04-05T07:06:27                      10
================================================================================
[2026-04-05T07:07:16.311+0000] {manager.py:997} INFO - 
================================================================================
DAG File Processing Stats

File Path                                    PID    Runtime      # DAGs    # Errors  Last Runtime    Last Run               Last # of DB Queries
-------------------------------------------  -----  ---------  --------  ----------  --------------  -------------------  ----------------------
/opt/airflow/dags/employee_data_pipeline.py                           1           0  0.08s           2026-04-05T07:06:58                      10
================================================================================
[2026-04-05T07:07:46.587+0000] {manager.py:997} INFO - 
================================================================================
DAG File Processing Stats

File Path                                    PID    Runtime      # DAGs    # Errors  Last Runtime    Last Run               Last # of DB Queries
-------------------------------------------  -----  ---------  --------  ----------  --------------  -------------------  ----------------------
/opt/airflow/dags/employee_data_pipeline.py                           1           0  0.06s           2026-04-05T07:07:28                      10
================================================================================
[2026-04-05T07:08:10.844+0000] {manager.py:821} INFO - Searching for files in /opt/airflow/dags
[2026-04-05T07:08:10.852+0000] {manager.py:824} INFO - There are 1 files in /opt/airflow/dags
[2026-04-05T07:08:16.930+0000] {manager.py:997} INFO - 
================================================================================
DAG File Processing Stats

File Path                                    PID    Runtime      # DAGs    # Errors  Last Runtime    Last Run               Last # of DB Queries
-------------------------------------------  -----  ---------  --------  ----------  --------------  -------------------  ----------------------
/opt/airflow/dags/employee_data_pipeline.py                           1           0  0.09s           2026-04-05T07:07:58                      10
================================================================================
[2026-04-05T07:08:47.286+0000] {manager.py:997} INFO - 
================================================================================
DAG File Processing Stats

File Path                                    PID    Runtime      # DAGs    # Errors  Last Runtime    Last Run               Last # of DB Queries
-------------------------------------------  -----  ---------  --------  ----------  --------------  -------------------  ----------------------
/opt/airflow/dags/employee_data_pipeline.py                           1           0  0.07s           2026-04-05T07:08:29                      10
================================================================================
[2026-04-05T07:09:17.631+0000] {manager.py:997} INFO - 
================================================================================
DAG File Processing Stats

File Path                                    PID    Runtime      # DAGs    # Errors  Last Runtime    Last Run               Last # of DB Queries
-------------------------------------------  -----  ---------  --------  ----------  --------------  -------------------  ----------------------
/opt/airflow/dags/employee_data_pipeline.py                           1           0  0.08s           2026-04-05T07:08:59                      10
================================================================================
[2026-04-05T07:09:48.037+0000] {manager.py:997} INFO - 
================================================================================
DAG File Processing Stats

File Path                                    PID    Runtime      # DAGs    # Errors  Last Runtime    Last Run               Last # of DB Queries
-------------------------------------------  -----  ---------  --------  ----------  --------------  -------------------  ----------------------
/opt/airflow/dags/employee_data_pipeline.py                           1           0  0.11s           2026-04-05T07:09:29                      10
================================================================================
[2026-04-05T07:10:18.410+0000] {manager.py:997} INFO - 
================================================================================
DAG File Processing Stats

File Path                                    PID    Runtime      # DAGs    # Errors  Last Runtime    Last Run               Last # of DB Queries
-------------------------------------------  -----  ---------  --------  ----------  --------------  -------------------  ----------------------
/opt/airflow/dags/employee_data_pipeline.py                           1           0  0.10s           2026-04-05T07:10:00                      10
================================================================================
[2026-04-05T07:10:48.799+0000] {manager.py:997} INFO - 
================================================================================
DAG File Processing Stats

File Path                                    PID    Runtime      # DAGs    # Errors  Last Runtime    Last Run               Last # of DB Queries
-------------------------------------------  -----  ---------  --------  ----------  --------------  -------------------  ----------------------
/opt/airflow/dags/employee_data_pipeline.py                           1           0  0.12s           2026-04-05T07:10:30                      10
================================================================================
[2026-04-05T07:11:19.230+0000] {manager.py:997} INFO - 
================================================================================
DAG File Processing Stats

File Path                                    PID    Runtime      # DAGs    # Errors  Last Runtime    Last Run               Last # of DB Queries
-------------------------------------------  -----  ---------  --------  ----------  --------------  -------------------  ----------------------
/opt/airflow/dags/employee_data_pipeline.py                           1           0  0.17s           2026-04-05T07:11:01                      10
================================================================================
[2026-04-05T07:11:49.618+0000] {manager.py:997} INFO - 
================================================================================
DAG File Processing Stats

File Path                                    PID    Runtime      # DAGs    # Errors  Last Runtime    Last Run               Last # of DB Queries
-------------------------------------------  -----  ---------  --------  ----------  --------------  -------------------  ----------------------
/opt/airflow/dags/employee_data_pipeline.py                           1           0  0.10s           2026-04-05T07:11:31                      10
================================================================================
[2026-04-05T07:12:20.025+0000] {manager.py:997} INFO - 
================================================================================
DAG File Processing Stats

File Path                                    PID    Runtime      # DAGs    # Errors  Last Runtime    Last Run               Last # of DB Queries
-------------------------------------------  -----  ---------  --------  ----------  --------------  -------------------  ----------------------
/opt/airflow/dags/employee_data_pipeline.py                           1           0  0.10s           2026-04-05T07:12:01                      10
================================================================================
[2026-04-05T07:12:50.347+0000] {manager.py:997} INFO - 
================================================================================
DAG File Processing Stats

File Path                                    PID    Runtime      # DAGs    # Errors  Last Runtime    Last Run               Last # of DB Queries
-------------------------------------------  -----  ---------  --------  ----------  --------------  -------------------  ----------------------
/opt/airflow/dags/employee_data_pipeline.py                           1           0  0.13s           2026-04-05T07:12:32                      10
================================================================================
[2026-04-05T07:13:11.714+0000] {manager.py:821} INFO - Searching for files in /opt/airflow/dags
[2026-04-05T07:13:11.725+0000] {manager.py:824} INFO - There are 1 files in /opt/airflow/dags
[2026-04-05T07:13:20.841+0000] {manager.py:997} INFO - 
================================================================================
DAG File Processing Stats

File Path                                    PID    Runtime      # DAGs    # Errors  Last Runtime    Last Run               Last # of DB Queries
-------------------------------------------  -----  ---------  --------  ----------  --------------  -------------------  ----------------------
/opt/airflow/dags/employee_data_pipeline.py                           1           0  0.16s           2026-04-05T07:13:02                      10
================================================================================
[2026-04-05T07:13:51.285+0000] {manager.py:997} INFO - 
================================================================================
DAG File Processing Stats

File Path                                    PID    Runtime      # DAGs    # Errors  Last Runtime    Last Run               Last # of DB Queries
-------------------------------------------  -----  ---------  --------  ----------  --------------  -------------------  ----------------------
/opt/airflow/dags/employee_data_pipeline.py                           1           0  0.11s           2026-04-05T07:13:33                      10
================================================================================
[2026-04-05T07:14:21.633+0000] {manager.py:997} INFO - 
================================================================================
DAG File Processing Stats

File Path                                    PID    Runtime      # DAGs    # Errors  Last Runtime    Last Run               Last # of DB Queries
-------------------------------------------  -----  ---------  --------  ----------  --------------  -------------------  ----------------------
/opt/airflow/dags/employee_data_pipeline.py                           1           0  0.09s           2026-04-05T07:14:03                      10
================================================================================
[2026-04-05T07:14:51.987+0000] {manager.py:997} INFO - 
================================================================================
DAG File Processing Stats

File Path                                    PID    Runtime      # DAGs    # Errors  Last Runtime    Last Run               Last # of DB Queries
-------------------------------------------  -----  ---------  --------  ----------  --------------  -------------------  ----------------------
/opt/airflow/dags/employee_data_pipeline.py                           1           0  0.09s           2026-04-05T07:14:33                      10
================================================================================
[2026-04-05T07:15:22.428+0000] {manager.py:997} INFO - 
================================================================================
DAG File Processing Stats

File Path                                    PID    Runtime      # DAGs    # Errors  Last Runtime    Last Run               Last # of DB Queries
-------------------------------------------  -----  ---------  --------  ----------  --------------  -------------------  ----------------------
/opt/airflow/dags/employee_data_pipeline.py                           1           0  0.13s           2026-04-05T07:15:04                      10
================================================================================
[2026-04-05T07:15:52.769+0000] {manager.py:997} INFO - 
================================================================================
DAG File Processing Stats

File Path                                    PID    Runtime      # DAGs    # Errors  Last Runtime    Last Run               Last # of DB Queries
-------------------------------------------  -----  ---------  --------  ----------  --------------  -------------------  ----------------------
/opt/airflow/dags/employee_data_pipeline.py                           1           0  0.12s           2026-04-05T07:15:34                      10
================================================================================
[2026-04-05T07:16:23.134+0000] {manager.py:997} INFO - 
================================================================================
DAG File Processing Stats

File Path                                    PID    Runtime      # DAGs    # Errors  Last Runtime    Last Run               Last # of DB Queries
-------------------------------------------  -----  ---------  --------  ----------  --------------  -------------------  ----------------------
/opt/airflow/dags/employee_data_pipeline.py                           1           0  0.13s           2026-04-05T07:16:05                      10
================================================================================
[2026-04-05T07:16:53.492+0000] {manager.py:997} INFO - 
================================================================================
DAG File Processing Stats

File Path                                    PID    Runtime      # DAGs    # Errors  Last Runtime    Last Run               Last # of DB Queries
-------------------------------------------  -----  ---------  --------  ----------  --------------  -------------------  ----------------------
/opt/airflow/dags/employee_data_pipeline.py                           1           0  0.09s           2026-04-05T07:16:35                      10
================================================================================
[2026-04-05T07:17:23.890+0000] {manager.py:997} INFO - 
================================================================================
DAG File Processing Stats

File Path                                    PID    Runtime      # DAGs    # Errors  Last Runtime    Last Run               Last # of DB Queries
-------------------------------------------  -----  ---------  --------  ----------  --------------  -------------------  ----------------------
/opt/airflow/dags/employee_data_pipeline.py                           1           0  0.13s           2026-04-05T07:17:05                      10
================================================================================
[2026-04-05T07:17:54.253+0000] {manager.py:997} INFO - 
================================================================================
DAG File Processing Stats

File Path                                    PID    Runtime      # DAGs    # Errors  Last Runtime    Last Run               Last # of DB Queries
-------------------------------------------  -----  ---------  --------  ----------  --------------  -------------------  ----------------------
/opt/airflow/dags/employee_data_pipeline.py                           1           0  0.12s           2026-04-05T07:17:36                      10
================================================================================
[2026-04-05T07:18:12.496+0000] {manager.py:821} INFO - Searching for files in /opt/airflow/dags
[2026-04-05T07:18:12.501+0000] {manager.py:824} INFO - There are 1 files in /opt/airflow/dags
[2026-04-05T07:18:24.666+0000] {manager.py:997} INFO - 
================================================================================
DAG File Processing Stats

File Path                                    PID    Runtime      # DAGs    # Errors  Last Runtime    Last Run               Last # of DB Queries
-------------------------------------------  -----  ---------  --------  ----------  --------------  -------------------  ----------------------
/opt/airflow/dags/employee_data_pipeline.py                           1           0  0.11s           2026-04-05T07:18:06                      10
================================================================================
[2026-04-05T07:18:55.024+0000] {manager.py:997} INFO - 
================================================================================
DAG File Processing Stats

File Path                                    PID    Runtime      # DAGs    # Errors  Last Runtime    Last Run               Last # of DB Queries
-------------------------------------------  -----  ---------  --------  ----------  --------------  -------------------  ----------------------
/opt/airflow/dags/employee_data_pipeline.py                           1           0  0.10s           2026-04-05T07:18:36                      10
================================================================================
[2026-04-05T07:19:25.510+0000] {manager.py:997} INFO - 
================================================================================
DAG File Processing Stats

File Path                                    PID    Runtime      # DAGs    # Errors  Last Runtime    Last Run               Last # of DB Queries
-------------------------------------------  -----  ---------  --------  ----------  --------------  -------------------  ----------------------
/opt/airflow/dags/employee_data_pipeline.py                           1           0  0.11s           2026-04-05T07:19:07                      10
================================================================================
[2026-04-05T07:19:55.864+0000] {manager.py:997} INFO - 
================================================================================
DAG File Processing Stats

File Path                                    PID    Runtime      # DAGs    # Errors  Last Runtime    Last Run               Last # of DB Queries
-------------------------------------------  -----  ---------  --------  ----------  --------------  -------------------  ----------------------
/opt/airflow/dags/employee_data_pipeline.py                           1           0  0.14s           2026-04-05T07:19:37                      10
================================================================================
[2026-04-05T07:20:26.342+0000] {manager.py:997} INFO - 
================================================================================
DAG File Processing Stats

File Path                                    PID    Runtime      # DAGs    # Errors  Last Runtime    Last Run               Last # of DB Queries
-------------------------------------------  -----  ---------  --------  ----------  --------------  -------------------  ----------------------
/opt/airflow/dags/employee_data_pipeline.py                           1           0  0.11s           2026-04-05T07:20:08                      10
================================================================================
[2026-04-05T07:20:56.679+0000] {manager.py:997} INFO - 
================================================================================
DAG File Processing Stats

File Path                                    PID    Runtime      # DAGs    # Errors  Last Runtime    Last Run               Last # of DB Queries
-------------------------------------------  -----  ---------  --------  ----------  --------------  -------------------  ----------------------
/opt/airflow/dags/employee_data_pipeline.py                           1           0  0.11s           2026-04-05T07:20:38                      10
================================================================================
[2026-04-05T07:21:27.061+0000] {manager.py:997} INFO - 
================================================================================
DAG File Processing Stats

File Path                                    PID    Runtime      # DAGs    # Errors  Last Runtime    Last Run               Last # of DB Queries
-------------------------------------------  -----  ---------  --------  ----------  --------------  -------------------  ----------------------
/opt/airflow/dags/employee_data_pipeline.py                           1           0  0.13s           2026-04-05T07:21:08                      10
================================================================================
[2026-04-05T07:21:57.460+0000] {manager.py:997} INFO - 
================================================================================
DAG File Processing Stats

File Path                                    PID    Runtime      # DAGs    # Errors  Last Runtime    Last Run               Last # of DB Queries
-------------------------------------------  -----  ---------  --------  ----------  --------------  -------------------  ----------------------
/opt/airflow/dags/employee_data_pipeline.py                           1           0  0.12s           2026-04-05T07:21:39                      10
================================================================================
[2026-04-05T07:22:27.916+0000] {manager.py:997} INFO - 
================================================================================
DAG File Processing Stats

File Path                                    PID    Runtime      # DAGs    # Errors  Last Runtime    Last Run               Last # of DB Queries
-------------------------------------------  -----  ---------  --------  ----------  --------------  -------------------  ----------------------
/opt/airflow/dags/employee_data_pipeline.py                           1           0  0.09s           2026-04-05T07:22:09                      10
================================================================================
[2026-04-05T07:22:58.384+0000] {manager.py:997} INFO - 
================================================================================
DAG File Processing Stats

File Path                                    PID    Runtime      # DAGs    # Errors  Last Runtime    Last Run               Last # of DB Queries
-------------------------------------------  -----  ---------  --------  ----------  --------------  -------------------  ----------------------
/opt/airflow/dags/employee_data_pipeline.py                           1           0  0.25s           2026-04-05T07:22:40                      10
================================================================================
[2026-04-05T07:23:12.553+0000] {manager.py:821} INFO - Searching for files in /opt/airflow/dags
[2026-04-05T07:23:12.561+0000] {manager.py:824} INFO - There are 1 files in /opt/airflow/dags
[2026-04-05T07:23:28.732+0000] {manager.py:997} INFO - 
================================================================================
DAG File Processing Stats

File Path                                    PID    Runtime      # DAGs    # Errors  Last Runtime    Last Run               Last # of DB Queries
-------------------------------------------  -----  ---------  --------  ----------  --------------  -------------------  ----------------------
/opt/airflow/dags/employee_data_pipeline.py                           1           0  0.11s           2026-04-05T07:23:10                      10
================================================================================
[2026-04-05T07:23:59.091+0000] {manager.py:997} INFO - 
================================================================================
DAG File Processing Stats

File Path                                    PID    Runtime      # DAGs    # Errors  Last Runtime    Last Run               Last # of DB Queries
-------------------------------------------  -----  ---------  --------  ----------  --------------  -------------------  ----------------------
/opt/airflow/dags/employee_data_pipeline.py                           1           0  0.11s           2026-04-05T07:23:40                      10
================================================================================
[2026-04-05T22:05:07.285+0000] {manager.py:483} INFO - Processing files using up to 2 processes at a time 
[2026-04-05T22:05:07.286+0000] {manager.py:484} INFO - Process each file at most once every 30 seconds
[2026-04-05T22:05:07.286+0000] {manager.py:485} INFO - Checking for new files in /opt/airflow/dags every 300 seconds
[2026-04-05T22:05:07.286+0000] {manager.py:821} INFO - Searching for files in /opt/airflow/dags
[2026-04-05T22:05:07.289+0000] {manager.py:824} INFO - There are 2 files in /opt/airflow/dags
[2026-04-05T22:05:07.344+0000] {manager.py:997} INFO - 
================================================================================
DAG File Processing Stats

File Path                                      PID  Runtime      # DAGs    # Errors  Last Runtime    Last Run      Last # of DB Queries
-------------------------------------------  -----  ---------  --------  ----------  --------------  ----------  ----------------------
/opt/airflow/dags/employee_data_pipeline.py    170  0.02s             0           0                                                   0
/opt/airflow/dags/extract_employees.py         167  0.04s             0           0                                                   0
================================================================================
[2026-04-05T22:05:37.699+0000] {manager.py:997} INFO - 
================================================================================
DAG File Processing Stats

File Path                                      PID  Runtime      # DAGs    # Errors  Last Runtime    Last Run               Last # of DB Queries
-------------------------------------------  -----  ---------  --------  ----------  --------------  -------------------  ----------------------
/opt/airflow/dags/extract_employees.py         177  0.03s             0           0  0.04s           2026-04-05T22:05:07                       3
/opt/airflow/dags/employee_data_pipeline.py    180  0.01s             0           1  0.04s           2026-04-05T22:05:07                       3
================================================================================
[2026-04-05T22:06:08.259+0000] {manager.py:997} INFO - 
================================================================================
DAG File Processing Stats

File Path                                      PID  Runtime      # DAGs    # Errors  Last Runtime    Last Run               Last # of DB Queries
-------------------------------------------  -----  ---------  --------  ----------  --------------  -------------------  ----------------------
/opt/airflow/dags/extract_employees.py         187  0.03s             0           0  0.22s           2026-04-05T22:05:37                       3
/opt/airflow/dags/employee_data_pipeline.py    190  0.00s             0           1  0.22s           2026-04-05T22:05:37                       5
================================================================================
[2026-04-05T22:06:38.626+0000] {manager.py:997} INFO - 
================================================================================
DAG File Processing Stats

File Path                                      PID  Runtime      # DAGs    # Errors  Last Runtime    Last Run               Last # of DB Queries
-------------------------------------------  -----  ---------  --------  ----------  --------------  -------------------  ----------------------
/opt/airflow/dags/employee_data_pipeline.py                           1           0  0.23s           2026-04-05T22:06:19                      43
/opt/airflow/dags/extract_employees.py         202  0.03s             0           0  0.07s           2026-04-05T22:06:08                       3
================================================================================
[2026-04-05T22:07:09.000+0000] {manager.py:997} INFO - 
================================================================================
DAG File Processing Stats

File Path                                      PID  Runtime      # DAGs    # Errors  Last Runtime    Last Run               Last # of DB Queries
-------------------------------------------  -----  ---------  --------  ----------  --------------  -------------------  ----------------------
/opt/airflow/dags/employee_data_pipeline.py                           1           0  0.11s           2026-04-05T22:06:49                      10
/opt/airflow/dags/extract_employees.py         212  0.01s             0           0  0.07s           2026-04-05T22:06:38                       3
================================================================================
[2026-04-05T22:07:10.078+0000] {manager.py:465} INFO - Exiting gracefully upon receiving signal 15
[2026-04-05T22:07:33.081+0000] {manager.py:483} INFO - Processing files using up to 2 processes at a time 
[2026-04-05T22:07:33.081+0000] {manager.py:484} INFO - Process each file at most once every 30 seconds
[2026-04-05T22:07:33.081+0000] {manager.py:485} INFO - Checking for new files in /opt/airflow/dags every 300 seconds
[2026-04-05T22:07:33.081+0000] {manager.py:821} INFO - Searching for files in /opt/airflow/dags
[2026-04-05T22:07:33.085+0000] {manager.py:824} INFO - There are 2 files in /opt/airflow/dags
[2026-04-05T22:07:33.138+0000] {manager.py:997} INFO - 
================================================================================
DAG File Processing Stats

File Path                                      PID  Runtime      # DAGs    # Errors  Last Runtime    Last Run      Last # of DB Queries
-------------------------------------------  -----  ---------  --------  ----------  --------------  ----------  ----------------------
/opt/airflow/dags/employee_data_pipeline.py    167  0.02s             0           0                                                   0
/opt/airflow/dags/extract_employees.py         170  0.01s             0           0                                                   0
================================================================================
[2026-04-05T22:08:03.486+0000] {manager.py:997} INFO - 
================================================================================
DAG File Processing Stats

File Path                                      PID  Runtime      # DAGs    # Errors  Last Runtime    Last Run               Last # of DB Queries
-------------------------------------------  -----  ---------  --------  ----------  --------------  -------------------  ----------------------
/opt/airflow/dags/employee_data_pipeline.py    177  0.04s             1           0  0.28s           2026-04-05T22:07:33                      43
/opt/airflow/dags/extract_employees.py         180  0.00s             0           0  0.05s           2026-04-05T22:07:33                       3
================================================================================
[2026-04-05T22:08:33.895+0000] {manager.py:997} INFO - 
================================================================================
DAG File Processing Stats

File Path                                      PID  Runtime      # DAGs    # Errors  Last Runtime    Last Run               Last # of DB Queries
-------------------------------------------  -----  ---------  --------  ----------  --------------  -------------------  ----------------------
/opt/airflow/dags/employee_data_pipeline.py    204  0.03s             1           0  0.13s           2026-04-05T22:08:03                      10
/opt/airflow/dags/extract_employees.py         207  0.00s             0           0  0.05s           2026-04-05T22:08:03                       3
================================================================================
[2026-04-05T22:09:04.331+0000] {manager.py:997} INFO - 
================================================================================
DAG File Processing Stats

File Path                                      PID  Runtime      # DAGs    # Errors  Last Runtime    Last Run               Last # of DB Queries
-------------------------------------------  -----  ---------  --------  ----------  --------------  -------------------  ----------------------
/opt/airflow/dags/employee_data_pipeline.py    214  0.03s             1           0  0.12s           2026-04-05T22:08:33                      10
/opt/airflow/dags/extract_employees.py         217  0.00s             0           0  0.06s           2026-04-05T22:08:33                       3
================================================================================
[2026-04-05T22:09:34.757+0000] {manager.py:997} INFO - 
================================================================================
DAG File Processing Stats

File Path                                      PID  Runtime      # DAGs    # Errors  Last Runtime    Last Run               Last # of DB Queries
-------------------------------------------  -----  ---------  --------  ----------  --------------  -------------------  ----------------------
/opt/airflow/dags/employee_data_pipeline.py    224  0.03s             1           0  0.11s           2026-04-05T22:09:04                      10
/opt/airflow/dags/extract_employees.py         226  0.00s             0           0  0.05s           2026-04-05T22:09:04                       3
================================================================================
[2026-04-05T22:10:05.222+0000] {manager.py:997} INFO - 
================================================================================
DAG File Processing Stats

File Path                                      PID  Runtime      # DAGs    # Errors  Last Runtime    Last Run               Last # of DB Queries
-------------------------------------------  -----  ---------  --------  ----------  --------------  -------------------  ----------------------
/opt/airflow/dags/employee_data_pipeline.py    234  0.03s             1           0  0.12s           2026-04-05T22:09:34                      10
/opt/airflow/dags/extract_employees.py         237  0.01s             0           0  0.06s           2026-04-05T22:09:34                       3
================================================================================
[2026-04-05T22:10:35.725+0000] {manager.py:997} INFO - 
================================================================================
DAG File Processing Stats

File Path                                      PID  Runtime      # DAGs    # Errors  Last Runtime    Last Run               Last # of DB Queries
-------------------------------------------  -----  ---------  --------  ----------  --------------  -------------------  ----------------------
/opt/airflow/dags/employee_data_pipeline.py    244  0.02s             1           0  0.15s           2026-04-05T22:10:05                      10
/opt/airflow/dags/extract_employees.py         246  0.01s             0           0  0.08s           2026-04-05T22:10:05                       3
================================================================================
[2026-04-05T22:11:06.211+0000] {manager.py:997} INFO - 
================================================================================
DAG File Processing Stats

File Path                                      PID  Runtime      # DAGs    # Errors  Last Runtime    Last Run               Last # of DB Queries
-------------------------------------------  -----  ---------  --------  ----------  --------------  -------------------  ----------------------
/opt/airflow/dags/employee_data_pipeline.py    254  0.02s             1           0  0.12s           2026-04-05T22:10:35                      10
/opt/airflow/dags/extract_employees.py         256  0.01s             0           0  0.07s           2026-04-05T22:10:35                       3
================================================================================
[2026-04-05T22:11:36.573+0000] {manager.py:997} INFO - 
================================================================================
DAG File Processing Stats

File Path                                      PID  Runtime      # DAGs    # Errors  Last Runtime    Last Run               Last # of DB Queries
-------------------------------------------  -----  ---------  --------  ----------  --------------  -------------------  ----------------------
/opt/airflow/dags/employee_data_pipeline.py    264  0.02s             1           0  0.12s           2026-04-05T22:11:06                      10
/opt/airflow/dags/extract_employees.py         267  0.00s             0           0  0.07s           2026-04-05T22:11:06                       3
================================================================================
[2026-04-05T22:12:06.967+0000] {manager.py:997} INFO - 
================================================================================
DAG File Processing Stats

File Path                                      PID  Runtime      # DAGs    # Errors  Last Runtime    Last Run               Last # of DB Queries
-------------------------------------------  -----  ---------  --------  ----------  --------------  -------------------  ----------------------
/opt/airflow/dags/employee_data_pipeline.py    274  0.03s             1           0  0.10s           2026-04-05T22:11:36                      10
/opt/airflow/dags/extract_employees.py         276  0.01s             0           0  0.06s           2026-04-05T22:11:36                       3
================================================================================
[2026-04-05T22:12:33.357+0000] {manager.py:821} INFO - Searching for files in /opt/airflow/dags
[2026-04-05T22:12:33.369+0000] {manager.py:824} INFO - There are 2 files in /opt/airflow/dags
[2026-04-05T22:12:37.463+0000] {manager.py:997} INFO - 
================================================================================
DAG File Processing Stats

File Path                                      PID  Runtime      # DAGs    # Errors  Last Runtime    Last Run               Last # of DB Queries
-------------------------------------------  -----  ---------  --------  ----------  --------------  -------------------  ----------------------
/opt/airflow/dags/employee_data_pipeline.py    284  0.03s             1           0  0.15s           2026-04-05T22:12:07                      10
/opt/airflow/dags/extract_employees.py         287  0.00s             0           0  0.09s           2026-04-05T22:12:07                       3
================================================================================
[2026-04-05T22:13:07.915+0000] {manager.py:997} INFO - 
================================================================================
DAG File Processing Stats

File Path                                      PID  Runtime      # DAGs    # Errors  Last Runtime    Last Run               Last # of DB Queries
-------------------------------------------  -----  ---------  --------  ----------  --------------  -------------------  ----------------------
/opt/airflow/dags/employee_data_pipeline.py    294  0.02s             1           0  0.12s           2026-04-05T22:12:37                      10
/opt/airflow/dags/extract_employees.py         296  0.00s             0           0  0.06s           2026-04-05T22:12:37                       3
================================================================================
[2026-04-05T22:13:38.285+0000] {manager.py:997} INFO - 
================================================================================
DAG File Processing Stats

File Path                                      PID  Runtime      # DAGs    # Errors  Last Runtime    Last Run               Last # of DB Queries
-------------------------------------------  -----  ---------  --------  ----------  --------------  -------------------  ----------------------
/opt/airflow/dags/employee_data_pipeline.py    341  0.02s             1           0  0.11s           2026-04-05T22:13:08                      10
/opt/airflow/dags/extract_employees.py         344  0.00s             0           0  0.07s           2026-04-05T22:13:07                       3
================================================================================
[2026-04-05T22:14:08.732+0000] {manager.py:997} INFO - 
================================================================================
DAG File Processing Stats

File Path                                      PID  Runtime      # DAGs    # Errors  Last Runtime    Last Run               Last # of DB Queries
-------------------------------------------  -----  ---------  --------  ----------  --------------  -------------------  ----------------------
/opt/airflow/dags/employee_data_pipeline.py    351  0.03s             1           0  0.11s           2026-04-05T22:13:38                      10
/opt/airflow/dags/extract_employees.py         354  0.00s             0           0  0.05s           2026-04-05T22:13:38                       3
================================================================================
[2026-04-05T22:14:39.137+0000] {manager.py:997} INFO - 
================================================================================
DAG File Processing Stats

File Path                                      PID  Runtime      # DAGs    # Errors  Last Runtime    Last Run               Last # of DB Queries
-------------------------------------------  -----  ---------  --------  ----------  --------------  -------------------  ----------------------
/opt/airflow/dags/employee_data_pipeline.py    361  0.02s             1           0  0.11s           2026-04-05T22:14:08                      10
/opt/airflow/dags/extract_employees.py         364  0.00s             0           0  0.05s           2026-04-05T22:14:08                       3
================================================================================
[2026-04-05T22:15:09.576+0000] {manager.py:997} INFO - 
================================================================================
DAG File Processing Stats

File Path                                      PID  Runtime      # DAGs    # Errors  Last Runtime    Last Run               Last # of DB Queries
-------------------------------------------  -----  ---------  --------  ----------  --------------  -------------------  ----------------------
/opt/airflow/dags/employee_data_pipeline.py    371  0.03s             1           0  0.08s           2026-04-05T22:14:39                      10
/opt/airflow/dags/extract_employees.py         374  0.00s             0           0  0.05s           2026-04-05T22:14:39                       3
================================================================================
[2026-04-05T22:15:40.039+0000] {manager.py:997} INFO - 
================================================================================
DAG File Processing Stats

File Path                                      PID  Runtime      # DAGs    # Errors  Last Runtime    Last Run               Last # of DB Queries
-------------------------------------------  -----  ---------  --------  ----------  --------------  -------------------  ----------------------
/opt/airflow/dags/employee_data_pipeline.py    381  0.03s             1           0  0.14s           2026-04-05T22:15:09                      10
/opt/airflow/dags/extract_employees.py         384  0.00s             0           0  0.07s           2026-04-05T22:15:09                       3
================================================================================
