[2026-04-05T05:57:58.862+0000] {local_task_job_runner.py:123} INFO - ::group::Pre task execution logs
[2026-04-05T05:57:58.875+0000] {taskinstance.py:2614} INFO - Dependencies all met for dep_context=non-requeueable deps ti=<TaskInstance: hello_world.print_hello manual__2026-04-05T05:57:58.090827+00:00 [queued]>
[2026-04-05T05:57:58.884+0000] {taskinstance.py:2614} INFO - Dependencies all met for dep_context=requeueable deps ti=<TaskInstance: hello_world.print_hello manual__2026-04-05T05:57:58.090827+00:00 [queued]>
[2026-04-05T05:57:58.886+0000] {taskinstance.py:2867} INFO - Starting attempt 1 of 1
[2026-04-05T05:57:58.898+0000] {taskinstance.py:2890} INFO - Executing <Task(BashOperator): print_hello> on 2026-04-05 05:57:58.090827+00:00
[2026-04-05T05:57:58.912+0000] {standard_task_runner.py:104} INFO - Running: ['airflow', 'tasks', 'run', 'hello_world', 'print_hello', 'manual__2026-04-05T05:57:58.090827+00:00', '--job-id', '2', '--raw', '--subdir', 'DAGS_FOLDER/dbt_example.py', '--cfg-path', '/tmp/tmp688v3i9i']
[2026-04-05T05:57:58.914+0000] {standard_task_runner.py:105} INFO - Job 2: Subtask print_hello
[2026-04-05T05:57:58.915+0000] {logging_mixin.py:190} WARNING - /home/airflow/.local/lib/python3.12/site-packages/airflow/task/task_runner/standard_task_runner.py:70 DeprecationWarning: This process (pid=232) is multi-threaded, use of fork() may lead to deadlocks in the child.
[2026-04-05T05:57:58.916+0000] {standard_task_runner.py:72} INFO - Started process 235 to run task
[2026-04-05T05:57:58.956+0000] {task_command.py:467} INFO - Running <TaskInstance: hello_world.print_hello manual__2026-04-05T05:57:58.090827+00:00 [running]> on host 26131ef7ed0e
[2026-04-05T05:57:59.012+0000] {taskinstance.py:3134} INFO - Exporting env vars: AIRFLOW_CTX_DAG_OWNER='airflow' AIRFLOW_CTX_DAG_ID='hello_world' AIRFLOW_CTX_TASK_ID='print_hello' AIRFLOW_CTX_EXECUTION_DATE='2026-04-05T05:57:58.090827+00:00' AIRFLOW_CTX_TRY_NUMBER='1' AIRFLOW_CTX_DAG_RUN_ID='manual__2026-04-05T05:57:58.090827+00:00'
[2026-04-05T05:57:59.013+0000] {taskinstance.py:732} INFO - ::endgroup::
[2026-04-05T05:57:59.039+0000] {subprocess.py:78} INFO - Tmp dir root location: /tmp
[2026-04-05T05:57:59.039+0000] {subprocess.py:88} INFO - Running command: ['/usr/bin/bash', '-c', "echo 'Airflow está funcionando!'"]
[2026-04-05T05:57:59.044+0000] {subprocess.py:99} INFO - Output:
[2026-04-05T05:57:59.050+0000] {subprocess.py:106} INFO - Airflow está funcionando!
[2026-04-05T05:57:59.051+0000] {subprocess.py:110} INFO - Command exited with return code 0
[2026-04-05T05:57:59.071+0000] {taskinstance.py:341} INFO - ::group::Post task execution logs
[2026-04-05T05:57:59.071+0000] {taskinstance.py:353} INFO - Marking task as SUCCESS. dag_id=hello_world, task_id=print_hello, run_id=manual__2026-04-05T05:57:58.090827+00:00, execution_date=20260405T055758, start_date=20260405T055758, end_date=20260405T055759
[2026-04-05T05:57:59.099+0000] {local_task_job_runner.py:266} INFO - Task exited with return code 0
[2026-04-05T05:57:59.112+0000] {taskinstance.py:3901} INFO - 0 downstream tasks scheduled from follow-on schedule check
[2026-04-05T05:57:59.112+0000] {local_task_job_runner.py:245} INFO - ::endgroup::
