[2026-04-05T05:52:36.056+0000] {processor.py:186} INFO - Started process (PID=167) to work on /opt/airflow/dags/dbt_example.py
[2026-04-05T05:52:36.056+0000] {processor.py:914} INFO - Processing file /opt/airflow/dags/dbt_example.py for tasks to queue
[2026-04-05T05:52:36.058+0000] {logging_mixin.py:190} INFO - [2026-04-05T05:52:36.058+0000] {dagbag.py:588} INFO - Filling up the DagBag from /opt/airflow/dags/dbt_example.py
[2026-04-05T05:52:36.063+0000] {logging_mixin.py:190} INFO - [2026-04-05T05:52:36.062+0000] {dagbag.py:387} ERROR - Failed to import: /opt/airflow/dags/dbt_example.py
Traceback (most recent call last):
  File "/home/airflow/.local/lib/python3.12/site-packages/airflow/models/dagbag.py", line 383, in parse
    loader.exec_module(new_module)
  File "<frozen importlib._bootstrap_external>", line 999, in exec_module
  File "<frozen importlib._bootstrap>", line 488, in _call_with_frames_removed
  File "/opt/airflow/dags/dbt_example.py", line 15, in <module>
    with open(manifest_path) as f: # Open manifest.json
         ^^^^^^^^^^^^^^^^^^^
FileNotFoundError: [Errno 2] No such file or directory: '/home/airflow/repos/demo/dbt/my_sample_project/target/manifest.json'
[2026-04-05T05:52:36.064+0000] {logging_mixin.py:190} WARNING - /opt/airflow/dags/dbt_example.py:42 SyntaxWarning: invalid escape sequence '\$'
[2026-04-05T05:52:36.065+0000] {logging_mixin.py:190} WARNING - /opt/airflow/dags/dbt_example.py:43 SyntaxWarning: invalid escape sequence '\$'
[2026-04-05T05:52:36.065+0000] {processor.py:927} WARNING - No viable dags retrieved from /opt/airflow/dags/dbt_example.py
[2026-04-05T05:52:36.080+0000] {processor.py:208} INFO - Processing /opt/airflow/dags/dbt_example.py took 0.028 seconds
[2026-04-05T05:52:51.306+0000] {processor.py:186} INFO - Started process (PID=172) to work on /opt/airflow/dags/dbt_example.py
[2026-04-05T05:52:51.307+0000] {processor.py:914} INFO - Processing file /opt/airflow/dags/dbt_example.py for tasks to queue
[2026-04-05T05:52:51.309+0000] {logging_mixin.py:190} INFO - [2026-04-05T05:52:51.309+0000] {dagbag.py:588} INFO - Filling up the DagBag from /opt/airflow/dags/dbt_example.py
[2026-04-05T05:52:51.316+0000] {logging_mixin.py:190} INFO - [2026-04-05T05:52:51.315+0000] {dagbag.py:387} ERROR - Failed to import: /opt/airflow/dags/dbt_example.py
Traceback (most recent call last):
  File "/home/airflow/.local/lib/python3.12/site-packages/airflow/models/dagbag.py", line 383, in parse
    loader.exec_module(new_module)
  File "<frozen importlib._bootstrap_external>", line 999, in exec_module
  File "<frozen importlib._bootstrap>", line 488, in _call_with_frames_removed
  File "/opt/airflow/dags/dbt_example.py", line 15, in <module>
    with open(manifest_path) as f: # Open manifest.json
         ^^^^^^^^^^^^^^^^^^^
FileNotFoundError: [Errno 2] No such file or directory: '/home/airflow/repos/demo/dbt/my_sample_project/target/manifest.json'
[2026-04-05T05:52:51.318+0000] {logging_mixin.py:190} WARNING - /opt/airflow/dags/dbt_example.py:42 SyntaxWarning: invalid escape sequence '\$'
[2026-04-05T05:52:51.318+0000] {logging_mixin.py:190} WARNING - /opt/airflow/dags/dbt_example.py:43 SyntaxWarning: invalid escape sequence '\$'
[2026-04-05T05:52:51.319+0000] {processor.py:927} WARNING - No viable dags retrieved from /opt/airflow/dags/dbt_example.py
[2026-04-05T05:52:51.343+0000] {processor.py:208} INFO - Processing /opt/airflow/dags/dbt_example.py took 0.043 seconds
[2026-04-05T05:53:21.648+0000] {processor.py:186} INFO - Started process (PID=177) to work on /opt/airflow/dags/dbt_example.py
[2026-04-05T05:53:21.649+0000] {processor.py:914} INFO - Processing file /opt/airflow/dags/dbt_example.py for tasks to queue
[2026-04-05T05:53:21.652+0000] {logging_mixin.py:190} INFO - [2026-04-05T05:53:21.651+0000] {dagbag.py:588} INFO - Filling up the DagBag from /opt/airflow/dags/dbt_example.py
[2026-04-05T05:53:21.656+0000] {logging_mixin.py:190} INFO - [2026-04-05T05:53:21.655+0000] {dagbag.py:387} ERROR - Failed to import: /opt/airflow/dags/dbt_example.py
Traceback (most recent call last):
  File "/home/airflow/.local/lib/python3.12/site-packages/airflow/models/dagbag.py", line 383, in parse
    loader.exec_module(new_module)
  File "<frozen importlib._bootstrap_external>", line 999, in exec_module
  File "<frozen importlib._bootstrap>", line 488, in _call_with_frames_removed
  File "/opt/airflow/dags/dbt_example.py", line 15, in <module>
    with open(manifest_path) as f: # Open manifest.json
         ^^^^^^^^^^^^^^^^^^^
FileNotFoundError: [Errno 2] No such file or directory: '/home/airflow/repos/demo/dbt/my_sample_project/target/manifest.json'
[2026-04-05T05:53:21.657+0000] {processor.py:927} WARNING - No viable dags retrieved from /opt/airflow/dags/dbt_example.py
[2026-04-05T05:53:21.672+0000] {processor.py:208} INFO - Processing /opt/airflow/dags/dbt_example.py took 0.031 seconds
[2026-04-05T05:53:52.004+0000] {processor.py:186} INFO - Started process (PID=182) to work on /opt/airflow/dags/dbt_example.py
[2026-04-05T05:53:52.004+0000] {processor.py:914} INFO - Processing file /opt/airflow/dags/dbt_example.py for tasks to queue
[2026-04-05T05:53:52.007+0000] {logging_mixin.py:190} INFO - [2026-04-05T05:53:52.006+0000] {dagbag.py:588} INFO - Filling up the DagBag from /opt/airflow/dags/dbt_example.py
[2026-04-05T05:53:52.011+0000] {logging_mixin.py:190} INFO - [2026-04-05T05:53:52.010+0000] {dagbag.py:387} ERROR - Failed to import: /opt/airflow/dags/dbt_example.py
Traceback (most recent call last):
  File "/home/airflow/.local/lib/python3.12/site-packages/airflow/models/dagbag.py", line 383, in parse
    loader.exec_module(new_module)
  File "<frozen importlib._bootstrap_external>", line 999, in exec_module
  File "<frozen importlib._bootstrap>", line 488, in _call_with_frames_removed
  File "/opt/airflow/dags/dbt_example.py", line 15, in <module>
    with open(manifest_path) as f: # Open manifest.json
         ^^^^^^^^^^^^^^^^^^^
FileNotFoundError: [Errno 2] No such file or directory: '/home/airflow/repos/demo/dbt/my_sample_project/target/manifest.json'
[2026-04-05T05:53:52.012+0000] {processor.py:927} WARNING - No viable dags retrieved from /opt/airflow/dags/dbt_example.py
[2026-04-05T05:53:52.026+0000] {processor.py:208} INFO - Processing /opt/airflow/dags/dbt_example.py took 0.031 seconds
[2026-04-05T05:54:22.342+0000] {processor.py:186} INFO - Started process (PID=187) to work on /opt/airflow/dags/dbt_example.py
[2026-04-05T05:54:22.343+0000] {processor.py:914} INFO - Processing file /opt/airflow/dags/dbt_example.py for tasks to queue
[2026-04-05T05:54:22.344+0000] {logging_mixin.py:190} INFO - [2026-04-05T05:54:22.344+0000] {dagbag.py:588} INFO - Filling up the DagBag from /opt/airflow/dags/dbt_example.py
[2026-04-05T05:54:22.347+0000] {logging_mixin.py:190} INFO - [2026-04-05T05:54:22.347+0000] {dagbag.py:387} ERROR - Failed to import: /opt/airflow/dags/dbt_example.py
Traceback (most recent call last):
  File "/home/airflow/.local/lib/python3.12/site-packages/airflow/models/dagbag.py", line 383, in parse
    loader.exec_module(new_module)
  File "<frozen importlib._bootstrap_external>", line 999, in exec_module
  File "<frozen importlib._bootstrap>", line 488, in _call_with_frames_removed
  File "/opt/airflow/dags/dbt_example.py", line 15, in <module>
    with open(manifest_path) as f: # Open manifest.json
         ^^^^^^^^^^^^^^^^^^^
FileNotFoundError: [Errno 2] No such file or directory: '/home/airflow/repos/demo/dbt/my_sample_project/target/manifest.json'
[2026-04-05T05:54:22.348+0000] {processor.py:927} WARNING - No viable dags retrieved from /opt/airflow/dags/dbt_example.py
[2026-04-05T05:54:22.362+0000] {processor.py:208} INFO - Processing /opt/airflow/dags/dbt_example.py took 0.024 seconds
[2026-04-05T05:54:52.721+0000] {processor.py:186} INFO - Started process (PID=192) to work on /opt/airflow/dags/dbt_example.py
[2026-04-05T05:54:52.722+0000] {processor.py:914} INFO - Processing file /opt/airflow/dags/dbt_example.py for tasks to queue
[2026-04-05T05:54:52.725+0000] {logging_mixin.py:190} INFO - [2026-04-05T05:54:52.725+0000] {dagbag.py:588} INFO - Filling up the DagBag from /opt/airflow/dags/dbt_example.py
[2026-04-05T05:54:52.734+0000] {logging_mixin.py:190} INFO - [2026-04-05T05:54:52.733+0000] {dagbag.py:387} ERROR - Failed to import: /opt/airflow/dags/dbt_example.py
Traceback (most recent call last):
  File "/home/airflow/.local/lib/python3.12/site-packages/airflow/models/dagbag.py", line 383, in parse
    loader.exec_module(new_module)
  File "<frozen importlib._bootstrap_external>", line 999, in exec_module
  File "<frozen importlib._bootstrap>", line 488, in _call_with_frames_removed
  File "/opt/airflow/dags/dbt_example.py", line 15, in <module>
    with open(manifest_path) as f: # Open manifest.json
         ^^^^^^^^^^^^^^^^^^^
FileNotFoundError: [Errno 2] No such file or directory: '/home/airflow/repos/demo/dbt/my_sample_project/target/manifest.json'
[2026-04-05T05:54:52.734+0000] {processor.py:927} WARNING - No viable dags retrieved from /opt/airflow/dags/dbt_example.py
[2026-04-05T05:54:52.755+0000] {processor.py:208} INFO - Processing /opt/airflow/dags/dbt_example.py took 0.039 seconds
[2026-04-05T05:55:23.117+0000] {processor.py:186} INFO - Started process (PID=197) to work on /opt/airflow/dags/dbt_example.py
[2026-04-05T05:55:23.118+0000] {processor.py:914} INFO - Processing file /opt/airflow/dags/dbt_example.py for tasks to queue
[2026-04-05T05:55:23.120+0000] {logging_mixin.py:190} INFO - [2026-04-05T05:55:23.120+0000] {dagbag.py:588} INFO - Filling up the DagBag from /opt/airflow/dags/dbt_example.py
[2026-04-05T05:55:23.123+0000] {logging_mixin.py:190} INFO - [2026-04-05T05:55:23.122+0000] {dagbag.py:387} ERROR - Failed to import: /opt/airflow/dags/dbt_example.py
Traceback (most recent call last):
  File "/home/airflow/.local/lib/python3.12/site-packages/airflow/models/dagbag.py", line 383, in parse
    loader.exec_module(new_module)
  File "<frozen importlib._bootstrap_external>", line 999, in exec_module
  File "<frozen importlib._bootstrap>", line 488, in _call_with_frames_removed
  File "/opt/airflow/dags/dbt_example.py", line 15, in <module>
    with open(manifest_path) as f: # Open manifest.json
         ^^^^^^^^^^^^^^^^^^^
FileNotFoundError: [Errno 2] No such file or directory: '/home/airflow/repos/demo/dbt/my_sample_project/target/manifest.json'
[2026-04-05T05:55:23.124+0000] {processor.py:927} WARNING - No viable dags retrieved from /opt/airflow/dags/dbt_example.py
[2026-04-05T05:55:23.148+0000] {processor.py:208} INFO - Processing /opt/airflow/dags/dbt_example.py took 0.042 seconds
[2026-04-05T05:55:53.507+0000] {processor.py:186} INFO - Started process (PID=202) to work on /opt/airflow/dags/dbt_example.py
[2026-04-05T05:55:53.509+0000] {processor.py:914} INFO - Processing file /opt/airflow/dags/dbt_example.py for tasks to queue
[2026-04-05T05:55:53.512+0000] {logging_mixin.py:190} INFO - [2026-04-05T05:55:53.511+0000] {dagbag.py:588} INFO - Filling up the DagBag from /opt/airflow/dags/dbt_example.py
[2026-04-05T05:55:53.518+0000] {logging_mixin.py:190} INFO - [2026-04-05T05:55:53.517+0000] {dagbag.py:387} ERROR - Failed to import: /opt/airflow/dags/dbt_example.py
Traceback (most recent call last):
  File "/home/airflow/.local/lib/python3.12/site-packages/airflow/models/dagbag.py", line 383, in parse
    loader.exec_module(new_module)
  File "<frozen importlib._bootstrap_external>", line 999, in exec_module
  File "<frozen importlib._bootstrap>", line 488, in _call_with_frames_removed
  File "/opt/airflow/dags/dbt_example.py", line 15, in <module>
    with open(manifest_path) as f: # Open manifest.json
         ^^^^^^^^^^^^^^^^^^^
FileNotFoundError: [Errno 2] No such file or directory: '/home/airflow/repos/demo/dbt/my_sample_project/target/manifest.json'
[2026-04-05T05:55:53.518+0000] {processor.py:927} WARNING - No viable dags retrieved from /opt/airflow/dags/dbt_example.py
[2026-04-05T05:55:53.542+0000] {processor.py:208} INFO - Processing /opt/airflow/dags/dbt_example.py took 0.041 seconds
[2026-04-05T05:56:23.844+0000] {processor.py:186} INFO - Started process (PID=207) to work on /opt/airflow/dags/dbt_example.py
[2026-04-05T05:56:23.845+0000] {processor.py:914} INFO - Processing file /opt/airflow/dags/dbt_example.py for tasks to queue
[2026-04-05T05:56:23.848+0000] {logging_mixin.py:190} INFO - [2026-04-05T05:56:23.848+0000] {dagbag.py:588} INFO - Filling up the DagBag from /opt/airflow/dags/dbt_example.py
[2026-04-05T05:56:23.852+0000] {logging_mixin.py:190} INFO - [2026-04-05T05:56:23.851+0000] {dagbag.py:387} ERROR - Failed to import: /opt/airflow/dags/dbt_example.py
Traceback (most recent call last):
  File "/home/airflow/.local/lib/python3.12/site-packages/airflow/models/dagbag.py", line 383, in parse
    loader.exec_module(new_module)
  File "<frozen importlib._bootstrap_external>", line 999, in exec_module
  File "<frozen importlib._bootstrap>", line 488, in _call_with_frames_removed
  File "/opt/airflow/dags/dbt_example.py", line 15, in <module>
    with open(manifest_path) as f: # Open manifest.json
         ^^^^^^^^^^^^^^^^^^^
FileNotFoundError: [Errno 2] No such file or directory: '/home/airflow/repos/demo/dbt/my_sample_project/target/manifest.json'
[2026-04-05T05:56:23.853+0000] {processor.py:927} WARNING - No viable dags retrieved from /opt/airflow/dags/dbt_example.py
[2026-04-05T05:56:23.869+0000] {processor.py:208} INFO - Processing /opt/airflow/dags/dbt_example.py took 0.032 seconds
[2026-04-05T05:56:41.053+0000] {processor.py:186} INFO - Started process (PID=212) to work on /opt/airflow/dags/dbt_example.py
[2026-04-05T05:56:41.054+0000] {processor.py:914} INFO - Processing file /opt/airflow/dags/dbt_example.py for tasks to queue
[2026-04-05T05:56:41.055+0000] {logging_mixin.py:190} INFO - [2026-04-05T05:56:41.055+0000] {dagbag.py:588} INFO - Filling up the DagBag from /opt/airflow/dags/dbt_example.py
[2026-04-05T05:56:41.076+0000] {processor.py:925} INFO - DAG(s) 'hello_world' retrieved from /opt/airflow/dags/dbt_example.py
[2026-04-05T05:56:41.251+0000] {logging_mixin.py:190} INFO - [2026-04-05T05:56:41.251+0000] {override.py:1912} INFO - Created Permission View: can read on DAG:hello_world
[2026-04-05T05:56:41.255+0000] {logging_mixin.py:190} INFO - [2026-04-05T05:56:41.255+0000] {override.py:1912} INFO - Created Permission View: can edit on DAG:hello_world
[2026-04-05T05:56:41.257+0000] {logging_mixin.py:190} INFO - [2026-04-05T05:56:41.257+0000] {override.py:1912} INFO - Created Permission View: can delete on DAG:hello_world
[2026-04-05T05:56:41.259+0000] {logging_mixin.py:190} INFO - [2026-04-05T05:56:41.259+0000] {override.py:1912} INFO - Created Permission View: can read on DAG Run:hello_world
[2026-04-05T05:56:41.260+0000] {logging_mixin.py:190} INFO - [2026-04-05T05:56:41.260+0000] {override.py:1912} INFO - Created Permission View: can create on DAG Run:hello_world
[2026-04-05T05:56:41.262+0000] {logging_mixin.py:190} INFO - [2026-04-05T05:56:41.262+0000] {override.py:1912} INFO - Created Permission View: can delete on DAG Run:hello_world
[2026-04-05T05:56:41.264+0000] {logging_mixin.py:190} INFO - [2026-04-05T05:56:41.264+0000] {override.py:1912} INFO - Created Permission View: menu access on DAG Run:hello_world
[2026-04-05T05:56:41.264+0000] {logging_mixin.py:190} INFO - [2026-04-05T05:56:41.264+0000] {dag.py:3239} INFO - Sync 1 DAGs
[2026-04-05T05:56:41.271+0000] {logging_mixin.py:190} INFO - [2026-04-05T05:56:41.271+0000] {dag.py:3262} INFO - Creating ORM DAG for hello_world
[2026-04-05T05:56:41.277+0000] {logging_mixin.py:190} INFO - [2026-04-05T05:56:41.277+0000] {dag.py:4180} INFO - Setting next_dagrun for hello_world to 2026-04-04 00:00:00+00:00, run_after=2026-04-05 00:00:00+00:00
[2026-04-05T05:56:41.285+0000] {processor.py:208} INFO - Processing /opt/airflow/dags/dbt_example.py took 0.236 seconds
[2026-04-05T05:56:44.195+0000] {processor.py:186} INFO - Started process (PID=217) to work on /opt/airflow/dags/dbt_example.py
[2026-04-05T05:56:44.200+0000] {processor.py:914} INFO - Processing file /opt/airflow/dags/dbt_example.py for tasks to queue
[2026-04-05T05:56:44.207+0000] {logging_mixin.py:190} INFO - [2026-04-05T05:56:44.206+0000] {dagbag.py:588} INFO - Filling up the DagBag from /opt/airflow/dags/dbt_example.py
[2026-04-05T05:56:44.220+0000] {processor.py:925} INFO - DAG(s) 'hello_world' retrieved from /opt/airflow/dags/dbt_example.py
[2026-04-05T05:56:44.240+0000] {logging_mixin.py:190} INFO - [2026-04-05T05:56:44.240+0000] {dag.py:3239} INFO - Sync 1 DAGs
[2026-04-05T05:56:44.311+0000] {logging_mixin.py:190} INFO - [2026-04-05T05:56:44.311+0000] {dag.py:4180} INFO - Setting next_dagrun for hello_world to 2026-04-04 00:00:00+00:00, run_after=2026-04-05 00:00:00+00:00
[2026-04-05T05:56:44.350+0000] {processor.py:208} INFO - Processing /opt/airflow/dags/dbt_example.py took 0.183 seconds
[2026-04-05T05:57:14.729+0000] {processor.py:186} INFO - Started process (PID=222) to work on /opt/airflow/dags/dbt_example.py
[2026-04-05T05:57:14.731+0000] {processor.py:914} INFO - Processing file /opt/airflow/dags/dbt_example.py for tasks to queue
[2026-04-05T05:57:14.734+0000] {logging_mixin.py:190} INFO - [2026-04-05T05:57:14.733+0000] {dagbag.py:588} INFO - Filling up the DagBag from /opt/airflow/dags/dbt_example.py
[2026-04-05T05:57:14.747+0000] {processor.py:925} INFO - DAG(s) 'hello_world' retrieved from /opt/airflow/dags/dbt_example.py
[2026-04-05T05:57:14.784+0000] {logging_mixin.py:190} INFO - [2026-04-05T05:57:14.784+0000] {dag.py:3239} INFO - Sync 1 DAGs
[2026-04-05T05:57:14.800+0000] {logging_mixin.py:190} INFO - [2026-04-05T05:57:14.800+0000] {dag.py:4180} INFO - Setting next_dagrun for hello_world to 2026-04-04 00:00:00+00:00, run_after=2026-04-05 00:00:00+00:00
[2026-04-05T05:57:14.810+0000] {processor.py:208} INFO - Processing /opt/airflow/dags/dbt_example.py took 0.087 seconds
[2026-04-05T05:57:45.128+0000] {processor.py:186} INFO - Started process (PID=227) to work on /opt/airflow/dags/dbt_example.py
[2026-04-05T05:57:45.129+0000] {processor.py:914} INFO - Processing file /opt/airflow/dags/dbt_example.py for tasks to queue
[2026-04-05T05:57:45.132+0000] {logging_mixin.py:190} INFO - [2026-04-05T05:57:45.131+0000] {dagbag.py:588} INFO - Filling up the DagBag from /opt/airflow/dags/dbt_example.py
[2026-04-05T05:57:45.144+0000] {processor.py:925} INFO - DAG(s) 'hello_world' retrieved from /opt/airflow/dags/dbt_example.py
[2026-04-05T05:57:45.167+0000] {logging_mixin.py:190} INFO - [2026-04-05T05:57:45.167+0000] {dag.py:3239} INFO - Sync 1 DAGs
[2026-04-05T05:57:45.181+0000] {logging_mixin.py:190} INFO - [2026-04-05T05:57:45.180+0000] {dag.py:4180} INFO - Setting next_dagrun for hello_world to 2026-04-04 00:00:00+00:00, run_after=2026-04-05 00:00:00+00:00
[2026-04-05T05:57:45.190+0000] {processor.py:208} INFO - Processing /opt/airflow/dags/dbt_example.py took 0.068 seconds
[2026-04-05T05:58:15.440+0000] {processor.py:186} INFO - Started process (PID=240) to work on /opt/airflow/dags/dbt_example.py
[2026-04-05T05:58:15.442+0000] {processor.py:914} INFO - Processing file /opt/airflow/dags/dbt_example.py for tasks to queue
[2026-04-05T05:58:15.446+0000] {logging_mixin.py:190} INFO - [2026-04-05T05:58:15.446+0000] {dagbag.py:588} INFO - Filling up the DagBag from /opt/airflow/dags/dbt_example.py
[2026-04-05T05:58:15.466+0000] {processor.py:925} INFO - DAG(s) 'hello_world' retrieved from /opt/airflow/dags/dbt_example.py
[2026-04-05T05:58:15.501+0000] {logging_mixin.py:190} INFO - [2026-04-05T05:58:15.501+0000] {dag.py:3239} INFO - Sync 1 DAGs
[2026-04-05T05:58:15.519+0000] {logging_mixin.py:190} INFO - [2026-04-05T05:58:15.519+0000] {dag.py:4180} INFO - Setting next_dagrun for hello_world to 2026-04-05 00:00:00+00:00, run_after=2026-04-06 00:00:00+00:00
[2026-04-05T05:58:15.530+0000] {processor.py:208} INFO - Processing /opt/airflow/dags/dbt_example.py took 0.099 seconds
[2026-04-05T05:58:45.828+0000] {processor.py:186} INFO - Started process (PID=245) to work on /opt/airflow/dags/dbt_example.py
[2026-04-05T05:58:45.830+0000] {processor.py:914} INFO - Processing file /opt/airflow/dags/dbt_example.py for tasks to queue
[2026-04-05T05:58:45.838+0000] {logging_mixin.py:190} INFO - [2026-04-05T05:58:45.838+0000] {dagbag.py:588} INFO - Filling up the DagBag from /opt/airflow/dags/dbt_example.py
[2026-04-05T05:58:45.872+0000] {processor.py:925} INFO - DAG(s) 'hello_world' retrieved from /opt/airflow/dags/dbt_example.py
[2026-04-05T05:58:45.904+0000] {logging_mixin.py:190} INFO - [2026-04-05T05:58:45.904+0000] {dag.py:3239} INFO - Sync 1 DAGs
[2026-04-05T05:58:45.920+0000] {logging_mixin.py:190} INFO - [2026-04-05T05:58:45.920+0000] {dag.py:4180} INFO - Setting next_dagrun for hello_world to 2026-04-05 00:00:00+00:00, run_after=2026-04-06 00:00:00+00:00
[2026-04-05T05:58:45.928+0000] {processor.py:208} INFO - Processing /opt/airflow/dags/dbt_example.py took 0.117 seconds
[2026-04-05T05:59:16.177+0000] {processor.py:186} INFO - Started process (PID=250) to work on /opt/airflow/dags/dbt_example.py
[2026-04-05T05:59:16.179+0000] {processor.py:914} INFO - Processing file /opt/airflow/dags/dbt_example.py for tasks to queue
[2026-04-05T05:59:16.182+0000] {logging_mixin.py:190} INFO - [2026-04-05T05:59:16.182+0000] {dagbag.py:588} INFO - Filling up the DagBag from /opt/airflow/dags/dbt_example.py
[2026-04-05T05:59:16.204+0000] {processor.py:925} INFO - DAG(s) 'hello_world' retrieved from /opt/airflow/dags/dbt_example.py
[2026-04-05T05:59:16.241+0000] {logging_mixin.py:190} INFO - [2026-04-05T05:59:16.241+0000] {dag.py:3239} INFO - Sync 1 DAGs
[2026-04-05T05:59:16.261+0000] {logging_mixin.py:190} INFO - [2026-04-05T05:59:16.260+0000] {dag.py:4180} INFO - Setting next_dagrun for hello_world to 2026-04-05 00:00:00+00:00, run_after=2026-04-06 00:00:00+00:00
[2026-04-05T05:59:16.272+0000] {processor.py:208} INFO - Processing /opt/airflow/dags/dbt_example.py took 0.103 seconds
[2026-04-05T05:59:46.669+0000] {processor.py:186} INFO - Started process (PID=255) to work on /opt/airflow/dags/dbt_example.py
[2026-04-05T05:59:46.673+0000] {processor.py:914} INFO - Processing file /opt/airflow/dags/dbt_example.py for tasks to queue
[2026-04-05T05:59:46.677+0000] {logging_mixin.py:190} INFO - [2026-04-05T05:59:46.676+0000] {dagbag.py:588} INFO - Filling up the DagBag from /opt/airflow/dags/dbt_example.py
[2026-04-05T05:59:46.712+0000] {processor.py:925} INFO - DAG(s) 'hello_world' retrieved from /opt/airflow/dags/dbt_example.py
[2026-04-05T05:59:46.748+0000] {logging_mixin.py:190} INFO - [2026-04-05T05:59:46.748+0000] {dag.py:3239} INFO - Sync 1 DAGs
[2026-04-05T05:59:46.768+0000] {logging_mixin.py:190} INFO - [2026-04-05T05:59:46.768+0000] {dag.py:4180} INFO - Setting next_dagrun for hello_world to 2026-04-05 00:00:00+00:00, run_after=2026-04-06 00:00:00+00:00
[2026-04-05T05:59:46.777+0000] {processor.py:208} INFO - Processing /opt/airflow/dags/dbt_example.py took 0.115 seconds
[2026-04-05T06:00:16.971+0000] {processor.py:186} INFO - Started process (PID=260) to work on /opt/airflow/dags/dbt_example.py
[2026-04-05T06:00:16.972+0000] {processor.py:914} INFO - Processing file /opt/airflow/dags/dbt_example.py for tasks to queue
[2026-04-05T06:00:16.976+0000] {logging_mixin.py:190} INFO - [2026-04-05T06:00:16.975+0000] {dagbag.py:588} INFO - Filling up the DagBag from /opt/airflow/dags/dbt_example.py
[2026-04-05T06:00:16.995+0000] {processor.py:925} INFO - DAG(s) 'hello_world' retrieved from /opt/airflow/dags/dbt_example.py
[2026-04-05T06:00:17.035+0000] {logging_mixin.py:190} INFO - [2026-04-05T06:00:17.034+0000] {dag.py:3239} INFO - Sync 1 DAGs
[2026-04-05T06:00:17.054+0000] {logging_mixin.py:190} INFO - [2026-04-05T06:00:17.054+0000] {dag.py:4180} INFO - Setting next_dagrun for hello_world to 2026-04-05 00:00:00+00:00, run_after=2026-04-06 00:00:00+00:00
[2026-04-05T06:00:17.068+0000] {processor.py:208} INFO - Processing /opt/airflow/dags/dbt_example.py took 0.109 seconds
[2026-04-05T06:00:47.407+0000] {processor.py:186} INFO - Started process (PID=265) to work on /opt/airflow/dags/dbt_example.py
[2026-04-05T06:00:47.408+0000] {processor.py:914} INFO - Processing file /opt/airflow/dags/dbt_example.py for tasks to queue
[2026-04-05T06:00:47.415+0000] {logging_mixin.py:190} INFO - [2026-04-05T06:00:47.414+0000] {dagbag.py:588} INFO - Filling up the DagBag from /opt/airflow/dags/dbt_example.py
[2026-04-05T06:00:47.429+0000] {processor.py:925} INFO - DAG(s) 'hello_world' retrieved from /opt/airflow/dags/dbt_example.py
[2026-04-05T06:00:47.468+0000] {logging_mixin.py:190} INFO - [2026-04-05T06:00:47.468+0000] {dag.py:3239} INFO - Sync 1 DAGs
[2026-04-05T06:00:47.483+0000] {logging_mixin.py:190} INFO - [2026-04-05T06:00:47.483+0000] {dag.py:4180} INFO - Setting next_dagrun for hello_world to 2026-04-05 00:00:00+00:00, run_after=2026-04-06 00:00:00+00:00
[2026-04-05T06:00:47.493+0000] {processor.py:208} INFO - Processing /opt/airflow/dags/dbt_example.py took 0.094 seconds
[2026-04-05T06:01:17.796+0000] {processor.py:186} INFO - Started process (PID=270) to work on /opt/airflow/dags/dbt_example.py
[2026-04-05T06:01:17.803+0000] {processor.py:914} INFO - Processing file /opt/airflow/dags/dbt_example.py for tasks to queue
[2026-04-05T06:01:17.808+0000] {logging_mixin.py:190} INFO - [2026-04-05T06:01:17.807+0000] {dagbag.py:588} INFO - Filling up the DagBag from /opt/airflow/dags/dbt_example.py
[2026-04-05T06:01:17.820+0000] {processor.py:925} INFO - DAG(s) 'hello_world' retrieved from /opt/airflow/dags/dbt_example.py
[2026-04-05T06:01:17.862+0000] {logging_mixin.py:190} INFO - [2026-04-05T06:01:17.862+0000] {dag.py:3239} INFO - Sync 1 DAGs
[2026-04-05T06:01:17.879+0000] {logging_mixin.py:190} INFO - [2026-04-05T06:01:17.879+0000] {dag.py:4180} INFO - Setting next_dagrun for hello_world to 2026-04-05 00:00:00+00:00, run_after=2026-04-06 00:00:00+00:00
[2026-04-05T06:01:17.887+0000] {processor.py:208} INFO - Processing /opt/airflow/dags/dbt_example.py took 0.103 seconds
[2026-04-05T06:01:54.470+0000] {processor.py:186} INFO - Started process (PID=166) to work on /opt/airflow/dags/dbt_example.py
[2026-04-05T06:01:54.473+0000] {processor.py:914} INFO - Processing file /opt/airflow/dags/dbt_example.py for tasks to queue
[2026-04-05T06:01:54.474+0000] {logging_mixin.py:190} INFO - [2026-04-05T06:01:54.474+0000] {dagbag.py:588} INFO - Filling up the DagBag from /opt/airflow/dags/dbt_example.py
[2026-04-05T06:01:54.488+0000] {processor.py:925} INFO - DAG(s) 'hello_world' retrieved from /opt/airflow/dags/dbt_example.py
[2026-04-05T06:01:54.521+0000] {logging_mixin.py:190} INFO - [2026-04-05T06:01:54.521+0000] {dag.py:3239} INFO - Sync 1 DAGs
[2026-04-05T06:01:54.541+0000] {logging_mixin.py:190} INFO - [2026-04-05T06:01:54.541+0000] {dag.py:4180} INFO - Setting next_dagrun for hello_world to 2026-04-05 00:00:00+00:00, run_after=2026-04-06 00:00:00+00:00
[2026-04-05T06:01:54.553+0000] {processor.py:208} INFO - Processing /opt/airflow/dags/dbt_example.py took 0.087 seconds
[2026-04-05T06:02:24.756+0000] {processor.py:186} INFO - Started process (PID=171) to work on /opt/airflow/dags/dbt_example.py
[2026-04-05T06:02:24.757+0000] {processor.py:914} INFO - Processing file /opt/airflow/dags/dbt_example.py for tasks to queue
[2026-04-05T06:02:24.767+0000] {logging_mixin.py:190} INFO - [2026-04-05T06:02:24.765+0000] {dagbag.py:588} INFO - Filling up the DagBag from /opt/airflow/dags/dbt_example.py
[2026-04-05T06:02:24.788+0000] {processor.py:925} INFO - DAG(s) 'hello_world' retrieved from /opt/airflow/dags/dbt_example.py
[2026-04-05T06:02:24.820+0000] {logging_mixin.py:190} INFO - [2026-04-05T06:02:24.820+0000] {dag.py:3239} INFO - Sync 1 DAGs
[2026-04-05T06:02:24.835+0000] {logging_mixin.py:190} INFO - [2026-04-05T06:02:24.835+0000] {dag.py:4180} INFO - Setting next_dagrun for hello_world to 2026-04-05 00:00:00+00:00, run_after=2026-04-06 00:00:00+00:00
[2026-04-05T06:02:24.851+0000] {processor.py:208} INFO - Processing /opt/airflow/dags/dbt_example.py took 0.103 seconds
[2026-04-05T06:02:55.161+0000] {processor.py:186} INFO - Started process (PID=176) to work on /opt/airflow/dags/dbt_example.py
[2026-04-05T06:02:55.162+0000] {processor.py:914} INFO - Processing file /opt/airflow/dags/dbt_example.py for tasks to queue
[2026-04-05T06:02:55.165+0000] {logging_mixin.py:190} INFO - [2026-04-05T06:02:55.164+0000] {dagbag.py:588} INFO - Filling up the DagBag from /opt/airflow/dags/dbt_example.py
[2026-04-05T06:02:55.175+0000] {processor.py:925} INFO - DAG(s) 'hello_world' retrieved from /opt/airflow/dags/dbt_example.py
[2026-04-05T06:02:55.204+0000] {logging_mixin.py:190} INFO - [2026-04-05T06:02:55.204+0000] {dag.py:3239} INFO - Sync 1 DAGs
[2026-04-05T06:02:55.224+0000] {logging_mixin.py:190} INFO - [2026-04-05T06:02:55.224+0000] {dag.py:4180} INFO - Setting next_dagrun for hello_world to 2026-04-05 00:00:00+00:00, run_after=2026-04-06 00:00:00+00:00
[2026-04-05T06:02:55.234+0000] {processor.py:208} INFO - Processing /opt/airflow/dags/dbt_example.py took 0.081 seconds
[2026-04-05T06:03:25.525+0000] {processor.py:186} INFO - Started process (PID=181) to work on /opt/airflow/dags/dbt_example.py
[2026-04-05T06:03:25.526+0000] {processor.py:914} INFO - Processing file /opt/airflow/dags/dbt_example.py for tasks to queue
[2026-04-05T06:03:25.528+0000] {logging_mixin.py:190} INFO - [2026-04-05T06:03:25.528+0000] {dagbag.py:588} INFO - Filling up the DagBag from /opt/airflow/dags/dbt_example.py
[2026-04-05T06:03:25.535+0000] {processor.py:925} INFO - DAG(s) 'hello_world' retrieved from /opt/airflow/dags/dbt_example.py
[2026-04-05T06:03:25.553+0000] {logging_mixin.py:190} INFO - [2026-04-05T06:03:25.553+0000] {dag.py:3239} INFO - Sync 1 DAGs
[2026-04-05T06:03:25.565+0000] {logging_mixin.py:190} INFO - [2026-04-05T06:03:25.565+0000] {dag.py:4180} INFO - Setting next_dagrun for hello_world to 2026-04-05 00:00:00+00:00, run_after=2026-04-06 00:00:00+00:00
[2026-04-05T06:03:25.573+0000] {processor.py:208} INFO - Processing /opt/airflow/dags/dbt_example.py took 0.055 seconds
[2026-04-05T06:03:55.886+0000] {processor.py:186} INFO - Started process (PID=186) to work on /opt/airflow/dags/dbt_example.py
[2026-04-05T06:03:55.887+0000] {processor.py:914} INFO - Processing file /opt/airflow/dags/dbt_example.py for tasks to queue
[2026-04-05T06:03:55.890+0000] {logging_mixin.py:190} INFO - [2026-04-05T06:03:55.890+0000] {dagbag.py:588} INFO - Filling up the DagBag from /opt/airflow/dags/dbt_example.py
[2026-04-05T06:03:55.906+0000] {processor.py:925} INFO - DAG(s) 'hello_world' retrieved from /opt/airflow/dags/dbt_example.py
[2026-04-05T06:03:55.936+0000] {logging_mixin.py:190} INFO - [2026-04-05T06:03:55.936+0000] {dag.py:3239} INFO - Sync 1 DAGs
[2026-04-05T06:03:55.950+0000] {logging_mixin.py:190} INFO - [2026-04-05T06:03:55.950+0000] {dag.py:4180} INFO - Setting next_dagrun for hello_world to 2026-04-05 00:00:00+00:00, run_after=2026-04-06 00:00:00+00:00
[2026-04-05T06:03:55.959+0000] {processor.py:208} INFO - Processing /opt/airflow/dags/dbt_example.py took 0.080 seconds
[2026-04-05T06:04:26.265+0000] {processor.py:186} INFO - Started process (PID=191) to work on /opt/airflow/dags/dbt_example.py
[2026-04-05T06:04:26.267+0000] {processor.py:914} INFO - Processing file /opt/airflow/dags/dbt_example.py for tasks to queue
[2026-04-05T06:04:26.269+0000] {logging_mixin.py:190} INFO - [2026-04-05T06:04:26.269+0000] {dagbag.py:588} INFO - Filling up the DagBag from /opt/airflow/dags/dbt_example.py
[2026-04-05T06:04:26.276+0000] {processor.py:925} INFO - DAG(s) 'hello_world' retrieved from /opt/airflow/dags/dbt_example.py
[2026-04-05T06:04:26.292+0000] {logging_mixin.py:190} INFO - [2026-04-05T06:04:26.292+0000] {dag.py:3239} INFO - Sync 1 DAGs
[2026-04-05T06:04:26.305+0000] {logging_mixin.py:190} INFO - [2026-04-05T06:04:26.304+0000] {dag.py:4180} INFO - Setting next_dagrun for hello_world to 2026-04-05 00:00:00+00:00, run_after=2026-04-06 00:00:00+00:00
[2026-04-05T06:04:26.312+0000] {processor.py:208} INFO - Processing /opt/airflow/dags/dbt_example.py took 0.056 seconds
[2026-04-05T06:04:56.702+0000] {processor.py:186} INFO - Started process (PID=196) to work on /opt/airflow/dags/dbt_example.py
[2026-04-05T06:04:56.703+0000] {processor.py:914} INFO - Processing file /opt/airflow/dags/dbt_example.py for tasks to queue
[2026-04-05T06:04:56.706+0000] {logging_mixin.py:190} INFO - [2026-04-05T06:04:56.705+0000] {dagbag.py:588} INFO - Filling up the DagBag from /opt/airflow/dags/dbt_example.py
[2026-04-05T06:04:56.724+0000] {processor.py:925} INFO - DAG(s) 'hello_world' retrieved from /opt/airflow/dags/dbt_example.py
[2026-04-05T06:04:56.758+0000] {logging_mixin.py:190} INFO - [2026-04-05T06:04:56.758+0000] {dag.py:3239} INFO - Sync 1 DAGs
[2026-04-05T06:04:56.775+0000] {logging_mixin.py:190} INFO - [2026-04-05T06:04:56.775+0000] {dag.py:4180} INFO - Setting next_dagrun for hello_world to 2026-04-05 00:00:00+00:00, run_after=2026-04-06 00:00:00+00:00
[2026-04-05T06:04:56.785+0000] {processor.py:208} INFO - Processing /opt/airflow/dags/dbt_example.py took 0.092 seconds
[2026-04-05T06:05:27.144+0000] {processor.py:186} INFO - Started process (PID=201) to work on /opt/airflow/dags/dbt_example.py
[2026-04-05T06:05:27.146+0000] {processor.py:914} INFO - Processing file /opt/airflow/dags/dbt_example.py for tasks to queue
[2026-04-05T06:05:27.148+0000] {logging_mixin.py:190} INFO - [2026-04-05T06:05:27.148+0000] {dagbag.py:588} INFO - Filling up the DagBag from /opt/airflow/dags/dbt_example.py
[2026-04-05T06:05:27.159+0000] {processor.py:925} INFO - DAG(s) 'hello_world' retrieved from /opt/airflow/dags/dbt_example.py
[2026-04-05T06:05:27.189+0000] {logging_mixin.py:190} INFO - [2026-04-05T06:05:27.189+0000] {dag.py:3239} INFO - Sync 1 DAGs
[2026-04-05T06:05:27.204+0000] {logging_mixin.py:190} INFO - [2026-04-05T06:05:27.204+0000] {dag.py:4180} INFO - Setting next_dagrun for hello_world to 2026-04-05 00:00:00+00:00, run_after=2026-04-06 00:00:00+00:00
[2026-04-05T06:05:27.212+0000] {processor.py:208} INFO - Processing /opt/airflow/dags/dbt_example.py took 0.077 seconds
[2026-04-05T06:05:55.868+0000] {processor.py:186} INFO - Started process (PID=166) to work on /opt/airflow/dags/dbt_example.py
[2026-04-05T06:05:55.870+0000] {processor.py:914} INFO - Processing file /opt/airflow/dags/dbt_example.py for tasks to queue
[2026-04-05T06:05:55.872+0000] {logging_mixin.py:190} INFO - [2026-04-05T06:05:55.872+0000] {dagbag.py:588} INFO - Filling up the DagBag from /opt/airflow/dags/dbt_example.py
[2026-04-05T06:05:55.893+0000] {processor.py:925} INFO - DAG(s) 'hello_world' retrieved from /opt/airflow/dags/dbt_example.py
[2026-04-05T06:05:55.924+0000] {logging_mixin.py:190} INFO - [2026-04-05T06:05:55.924+0000] {dag.py:3239} INFO - Sync 1 DAGs
[2026-04-05T06:05:55.944+0000] {logging_mixin.py:190} INFO - [2026-04-05T06:05:55.944+0000] {dag.py:4180} INFO - Setting next_dagrun for hello_world to 2026-04-05 00:00:00+00:00, run_after=2026-04-06 00:00:00+00:00
[2026-04-05T06:05:55.957+0000] {processor.py:208} INFO - Processing /opt/airflow/dags/dbt_example.py took 0.094 seconds
[2026-04-05T06:06:26.174+0000] {processor.py:186} INFO - Started process (PID=171) to work on /opt/airflow/dags/dbt_example.py
[2026-04-05T06:06:26.175+0000] {processor.py:914} INFO - Processing file /opt/airflow/dags/dbt_example.py for tasks to queue
[2026-04-05T06:06:26.178+0000] {logging_mixin.py:190} INFO - [2026-04-05T06:06:26.177+0000] {dagbag.py:588} INFO - Filling up the DagBag from /opt/airflow/dags/dbt_example.py
[2026-04-05T06:06:26.189+0000] {processor.py:925} INFO - DAG(s) 'hello_world' retrieved from /opt/airflow/dags/dbt_example.py
[2026-04-05T06:06:26.217+0000] {logging_mixin.py:190} INFO - [2026-04-05T06:06:26.217+0000] {dag.py:3239} INFO - Sync 1 DAGs
[2026-04-05T06:06:26.234+0000] {logging_mixin.py:190} INFO - [2026-04-05T06:06:26.233+0000] {dag.py:4180} INFO - Setting next_dagrun for hello_world to 2026-04-05 00:00:00+00:00, run_after=2026-04-06 00:00:00+00:00
[2026-04-05T06:06:26.243+0000] {processor.py:208} INFO - Processing /opt/airflow/dags/dbt_example.py took 0.075 seconds
[2026-04-05T06:06:56.604+0000] {processor.py:186} INFO - Started process (PID=176) to work on /opt/airflow/dags/dbt_example.py
[2026-04-05T06:06:56.605+0000] {processor.py:914} INFO - Processing file /opt/airflow/dags/dbt_example.py for tasks to queue
[2026-04-05T06:06:56.611+0000] {logging_mixin.py:190} INFO - [2026-04-05T06:06:56.611+0000] {dagbag.py:588} INFO - Filling up the DagBag from /opt/airflow/dags/dbt_example.py
[2026-04-05T06:06:56.622+0000] {processor.py:925} INFO - DAG(s) 'hello_world' retrieved from /opt/airflow/dags/dbt_example.py
[2026-04-05T06:06:56.644+0000] {logging_mixin.py:190} INFO - [2026-04-05T06:06:56.644+0000] {dag.py:3239} INFO - Sync 1 DAGs
[2026-04-05T06:06:56.656+0000] {logging_mixin.py:190} INFO - [2026-04-05T06:06:56.656+0000] {dag.py:4180} INFO - Setting next_dagrun for hello_world to 2026-04-05 00:00:00+00:00, run_after=2026-04-06 00:00:00+00:00
[2026-04-05T06:06:56.664+0000] {processor.py:208} INFO - Processing /opt/airflow/dags/dbt_example.py took 0.066 seconds
[2026-04-05T06:07:26.925+0000] {processor.py:186} INFO - Started process (PID=181) to work on /opt/airflow/dags/dbt_example.py
[2026-04-05T06:07:26.927+0000] {processor.py:914} INFO - Processing file /opt/airflow/dags/dbt_example.py for tasks to queue
[2026-04-05T06:07:26.929+0000] {logging_mixin.py:190} INFO - [2026-04-05T06:07:26.928+0000] {dagbag.py:588} INFO - Filling up the DagBag from /opt/airflow/dags/dbt_example.py
[2026-04-05T06:07:26.936+0000] {processor.py:925} INFO - DAG(s) 'hello_world' retrieved from /opt/airflow/dags/dbt_example.py
[2026-04-05T06:07:26.954+0000] {logging_mixin.py:190} INFO - [2026-04-05T06:07:26.954+0000] {dag.py:3239} INFO - Sync 1 DAGs
[2026-04-05T06:07:26.966+0000] {logging_mixin.py:190} INFO - [2026-04-05T06:07:26.965+0000] {dag.py:4180} INFO - Setting next_dagrun for hello_world to 2026-04-05 00:00:00+00:00, run_after=2026-04-06 00:00:00+00:00
[2026-04-05T06:07:26.974+0000] {processor.py:208} INFO - Processing /opt/airflow/dags/dbt_example.py took 0.054 seconds
[2026-04-05T06:07:57.377+0000] {processor.py:186} INFO - Started process (PID=186) to work on /opt/airflow/dags/dbt_example.py
[2026-04-05T06:07:57.378+0000] {processor.py:914} INFO - Processing file /opt/airflow/dags/dbt_example.py for tasks to queue
[2026-04-05T06:07:57.381+0000] {logging_mixin.py:190} INFO - [2026-04-05T06:07:57.380+0000] {dagbag.py:588} INFO - Filling up the DagBag from /opt/airflow/dags/dbt_example.py
[2026-04-05T06:07:57.394+0000] {processor.py:925} INFO - DAG(s) 'hello_world' retrieved from /opt/airflow/dags/dbt_example.py
[2026-04-05T06:07:57.419+0000] {logging_mixin.py:190} INFO - [2026-04-05T06:07:57.419+0000] {dag.py:3239} INFO - Sync 1 DAGs
[2026-04-05T06:07:57.436+0000] {logging_mixin.py:190} INFO - [2026-04-05T06:07:57.436+0000] {dag.py:4180} INFO - Setting next_dagrun for hello_world to 2026-04-05 00:00:00+00:00, run_after=2026-04-06 00:00:00+00:00
[2026-04-05T06:07:57.446+0000] {processor.py:208} INFO - Processing /opt/airflow/dags/dbt_example.py took 0.080 seconds
[2026-04-05T06:08:27.700+0000] {processor.py:186} INFO - Started process (PID=191) to work on /opt/airflow/dags/dbt_example.py
[2026-04-05T06:08:27.700+0000] {processor.py:914} INFO - Processing file /opt/airflow/dags/dbt_example.py for tasks to queue
[2026-04-05T06:08:27.702+0000] {logging_mixin.py:190} INFO - [2026-04-05T06:08:27.702+0000] {dagbag.py:588} INFO - Filling up the DagBag from /opt/airflow/dags/dbt_example.py
[2026-04-05T06:08:27.712+0000] {processor.py:925} INFO - DAG(s) 'hello_world' retrieved from /opt/airflow/dags/dbt_example.py
[2026-04-05T06:08:27.733+0000] {logging_mixin.py:190} INFO - [2026-04-05T06:08:27.733+0000] {dag.py:3239} INFO - Sync 1 DAGs
[2026-04-05T06:08:27.745+0000] {logging_mixin.py:190} INFO - [2026-04-05T06:08:27.745+0000] {dag.py:4180} INFO - Setting next_dagrun for hello_world to 2026-04-05 00:00:00+00:00, run_after=2026-04-06 00:00:00+00:00
[2026-04-05T06:08:27.753+0000] {processor.py:208} INFO - Processing /opt/airflow/dags/dbt_example.py took 0.060 seconds
[2026-04-05T06:08:58.077+0000] {processor.py:186} INFO - Started process (PID=196) to work on /opt/airflow/dags/dbt_example.py
[2026-04-05T06:08:58.078+0000] {processor.py:914} INFO - Processing file /opt/airflow/dags/dbt_example.py for tasks to queue
[2026-04-05T06:08:58.080+0000] {logging_mixin.py:190} INFO - [2026-04-05T06:08:58.080+0000] {dagbag.py:588} INFO - Filling up the DagBag from /opt/airflow/dags/dbt_example.py
[2026-04-05T06:08:58.097+0000] {processor.py:925} INFO - DAG(s) 'hello_world' retrieved from /opt/airflow/dags/dbt_example.py
[2026-04-05T06:08:58.137+0000] {logging_mixin.py:190} INFO - [2026-04-05T06:08:58.137+0000] {dag.py:3239} INFO - Sync 1 DAGs
[2026-04-05T06:08:58.151+0000] {logging_mixin.py:190} INFO - [2026-04-05T06:08:58.151+0000] {dag.py:4180} INFO - Setting next_dagrun for hello_world to 2026-04-05 00:00:00+00:00, run_after=2026-04-06 00:00:00+00:00
[2026-04-05T06:08:58.160+0000] {processor.py:208} INFO - Processing /opt/airflow/dags/dbt_example.py took 0.097 seconds
[2026-04-05T06:09:28.418+0000] {processor.py:186} INFO - Started process (PID=201) to work on /opt/airflow/dags/dbt_example.py
[2026-04-05T06:09:28.420+0000] {processor.py:914} INFO - Processing file /opt/airflow/dags/dbt_example.py for tasks to queue
[2026-04-05T06:09:28.421+0000] {logging_mixin.py:190} INFO - [2026-04-05T06:09:28.421+0000] {dagbag.py:588} INFO - Filling up the DagBag from /opt/airflow/dags/dbt_example.py
[2026-04-05T06:09:28.432+0000] {processor.py:925} INFO - DAG(s) 'hello_world' retrieved from /opt/airflow/dags/dbt_example.py
[2026-04-05T06:09:28.450+0000] {logging_mixin.py:190} INFO - [2026-04-05T06:09:28.450+0000] {dag.py:3239} INFO - Sync 1 DAGs
[2026-04-05T06:09:28.463+0000] {logging_mixin.py:190} INFO - [2026-04-05T06:09:28.462+0000] {dag.py:4180} INFO - Setting next_dagrun for hello_world to 2026-04-05 00:00:00+00:00, run_after=2026-04-06 00:00:00+00:00
[2026-04-05T06:09:28.470+0000] {processor.py:208} INFO - Processing /opt/airflow/dags/dbt_example.py took 0.057 seconds
[2026-04-05T06:09:58.831+0000] {processor.py:186} INFO - Started process (PID=206) to work on /opt/airflow/dags/dbt_example.py
[2026-04-05T06:09:58.833+0000] {processor.py:914} INFO - Processing file /opt/airflow/dags/dbt_example.py for tasks to queue
[2026-04-05T06:09:58.840+0000] {logging_mixin.py:190} INFO - [2026-04-05T06:09:58.840+0000] {dagbag.py:588} INFO - Filling up the DagBag from /opt/airflow/dags/dbt_example.py
[2026-04-05T06:09:58.857+0000] {processor.py:925} INFO - DAG(s) 'hello_world' retrieved from /opt/airflow/dags/dbt_example.py
[2026-04-05T06:09:58.888+0000] {logging_mixin.py:190} INFO - [2026-04-05T06:09:58.888+0000] {dag.py:3239} INFO - Sync 1 DAGs
[2026-04-05T06:09:58.906+0000] {logging_mixin.py:190} INFO - [2026-04-05T06:09:58.905+0000] {dag.py:4180} INFO - Setting next_dagrun for hello_world to 2026-04-05 00:00:00+00:00, run_after=2026-04-06 00:00:00+00:00
[2026-04-05T06:09:58.916+0000] {processor.py:208} INFO - Processing /opt/airflow/dags/dbt_example.py took 0.095 seconds
[2026-04-05T06:10:29.119+0000] {processor.py:186} INFO - Started process (PID=211) to work on /opt/airflow/dags/dbt_example.py
[2026-04-05T06:10:29.120+0000] {processor.py:914} INFO - Processing file /opt/airflow/dags/dbt_example.py for tasks to queue
[2026-04-05T06:10:29.123+0000] {logging_mixin.py:190} INFO - [2026-04-05T06:10:29.123+0000] {dagbag.py:588} INFO - Filling up the DagBag from /opt/airflow/dags/dbt_example.py
[2026-04-05T06:10:29.137+0000] {processor.py:925} INFO - DAG(s) 'hello_world' retrieved from /opt/airflow/dags/dbt_example.py
[2026-04-05T06:10:29.165+0000] {logging_mixin.py:190} INFO - [2026-04-05T06:10:29.164+0000] {dag.py:3239} INFO - Sync 1 DAGs
[2026-04-05T06:10:29.183+0000] {logging_mixin.py:190} INFO - [2026-04-05T06:10:29.182+0000] {dag.py:4180} INFO - Setting next_dagrun for hello_world to 2026-04-05 00:00:00+00:00, run_after=2026-04-06 00:00:00+00:00
[2026-04-05T06:10:29.193+0000] {processor.py:208} INFO - Processing /opt/airflow/dags/dbt_example.py took 0.080 seconds
[2026-04-05T06:10:59.570+0000] {processor.py:186} INFO - Started process (PID=216) to work on /opt/airflow/dags/dbt_example.py
[2026-04-05T06:10:59.571+0000] {processor.py:914} INFO - Processing file /opt/airflow/dags/dbt_example.py for tasks to queue
[2026-04-05T06:10:59.574+0000] {logging_mixin.py:190} INFO - [2026-04-05T06:10:59.574+0000] {dagbag.py:588} INFO - Filling up the DagBag from /opt/airflow/dags/dbt_example.py
[2026-04-05T06:10:59.587+0000] {processor.py:925} INFO - DAG(s) 'hello_world' retrieved from /opt/airflow/dags/dbt_example.py
[2026-04-05T06:10:59.621+0000] {logging_mixin.py:190} INFO - [2026-04-05T06:10:59.620+0000] {dag.py:3239} INFO - Sync 1 DAGs
[2026-04-05T06:10:59.636+0000] {logging_mixin.py:190} INFO - [2026-04-05T06:10:59.636+0000] {dag.py:4180} INFO - Setting next_dagrun for hello_world to 2026-04-05 00:00:00+00:00, run_after=2026-04-06 00:00:00+00:00
[2026-04-05T06:10:59.647+0000] {processor.py:208} INFO - Processing /opt/airflow/dags/dbt_example.py took 0.086 seconds
[2026-04-05T06:11:29.956+0000] {processor.py:186} INFO - Started process (PID=221) to work on /opt/airflow/dags/dbt_example.py
[2026-04-05T06:11:29.957+0000] {processor.py:914} INFO - Processing file /opt/airflow/dags/dbt_example.py for tasks to queue
[2026-04-05T06:11:29.962+0000] {logging_mixin.py:190} INFO - [2026-04-05T06:11:29.961+0000] {dagbag.py:588} INFO - Filling up the DagBag from /opt/airflow/dags/dbt_example.py
[2026-04-05T06:11:29.981+0000] {processor.py:925} INFO - DAG(s) 'hello_world' retrieved from /opt/airflow/dags/dbt_example.py
[2026-04-05T06:11:30.021+0000] {logging_mixin.py:190} INFO - [2026-04-05T06:11:30.021+0000] {dag.py:3239} INFO - Sync 1 DAGs
[2026-04-05T06:11:30.045+0000] {logging_mixin.py:190} INFO - [2026-04-05T06:11:30.045+0000] {dag.py:4180} INFO - Setting next_dagrun for hello_world to 2026-04-05 00:00:00+00:00, run_after=2026-04-06 00:00:00+00:00
[2026-04-05T06:11:30.054+0000] {processor.py:208} INFO - Processing /opt/airflow/dags/dbt_example.py took 0.109 seconds
[2026-04-05T06:12:00.341+0000] {processor.py:186} INFO - Started process (PID=226) to work on /opt/airflow/dags/dbt_example.py
[2026-04-05T06:12:00.342+0000] {processor.py:914} INFO - Processing file /opt/airflow/dags/dbt_example.py for tasks to queue
[2026-04-05T06:12:00.344+0000] {logging_mixin.py:190} INFO - [2026-04-05T06:12:00.344+0000] {dagbag.py:588} INFO - Filling up the DagBag from /opt/airflow/dags/dbt_example.py
[2026-04-05T06:12:00.365+0000] {processor.py:925} INFO - DAG(s) 'hello_world' retrieved from /opt/airflow/dags/dbt_example.py
[2026-04-05T06:12:00.396+0000] {logging_mixin.py:190} INFO - [2026-04-05T06:12:00.396+0000] {dag.py:3239} INFO - Sync 1 DAGs
[2026-04-05T06:12:00.410+0000] {logging_mixin.py:190} INFO - [2026-04-05T06:12:00.410+0000] {dag.py:4180} INFO - Setting next_dagrun for hello_world to 2026-04-05 00:00:00+00:00, run_after=2026-04-06 00:00:00+00:00
[2026-04-05T06:12:00.420+0000] {processor.py:208} INFO - Processing /opt/airflow/dags/dbt_example.py took 0.089 seconds
[2026-04-05T06:12:30.713+0000] {processor.py:186} INFO - Started process (PID=231) to work on /opt/airflow/dags/dbt_example.py
[2026-04-05T06:12:30.714+0000] {processor.py:914} INFO - Processing file /opt/airflow/dags/dbt_example.py for tasks to queue
[2026-04-05T06:12:30.716+0000] {logging_mixin.py:190} INFO - [2026-04-05T06:12:30.716+0000] {dagbag.py:588} INFO - Filling up the DagBag from /opt/airflow/dags/dbt_example.py
[2026-04-05T06:12:30.728+0000] {processor.py:925} INFO - DAG(s) 'hello_world' retrieved from /opt/airflow/dags/dbt_example.py
[2026-04-05T06:12:30.757+0000] {logging_mixin.py:190} INFO - [2026-04-05T06:12:30.757+0000] {dag.py:3239} INFO - Sync 1 DAGs
[2026-04-05T06:12:30.781+0000] {logging_mixin.py:190} INFO - [2026-04-05T06:12:30.781+0000] {dag.py:4180} INFO - Setting next_dagrun for hello_world to 2026-04-05 00:00:00+00:00, run_after=2026-04-06 00:00:00+00:00
[2026-04-05T06:12:30.794+0000] {processor.py:208} INFO - Processing /opt/airflow/dags/dbt_example.py took 0.091 seconds
[2026-04-05T06:13:01.103+0000] {processor.py:186} INFO - Started process (PID=236) to work on /opt/airflow/dags/dbt_example.py
[2026-04-05T06:13:01.104+0000] {processor.py:914} INFO - Processing file /opt/airflow/dags/dbt_example.py for tasks to queue
[2026-04-05T06:13:01.107+0000] {logging_mixin.py:190} INFO - [2026-04-05T06:13:01.107+0000] {dagbag.py:588} INFO - Filling up the DagBag from /opt/airflow/dags/dbt_example.py
[2026-04-05T06:13:01.123+0000] {processor.py:925} INFO - DAG(s) 'hello_world' retrieved from /opt/airflow/dags/dbt_example.py
[2026-04-05T06:13:01.151+0000] {logging_mixin.py:190} INFO - [2026-04-05T06:13:01.151+0000] {dag.py:3239} INFO - Sync 1 DAGs
[2026-04-05T06:13:01.168+0000] {logging_mixin.py:190} INFO - [2026-04-05T06:13:01.168+0000] {dag.py:4180} INFO - Setting next_dagrun for hello_world to 2026-04-05 00:00:00+00:00, run_after=2026-04-06 00:00:00+00:00
[2026-04-05T06:13:01.179+0000] {processor.py:208} INFO - Processing /opt/airflow/dags/dbt_example.py took 0.084 seconds
[2026-04-05T06:13:31.422+0000] {processor.py:186} INFO - Started process (PID=241) to work on /opt/airflow/dags/dbt_example.py
[2026-04-05T06:13:31.423+0000] {processor.py:914} INFO - Processing file /opt/airflow/dags/dbt_example.py for tasks to queue
[2026-04-05T06:13:31.426+0000] {logging_mixin.py:190} INFO - [2026-04-05T06:13:31.426+0000] {dagbag.py:588} INFO - Filling up the DagBag from /opt/airflow/dags/dbt_example.py
[2026-04-05T06:13:31.437+0000] {processor.py:925} INFO - DAG(s) 'hello_world' retrieved from /opt/airflow/dags/dbt_example.py
[2026-04-05T06:13:31.467+0000] {logging_mixin.py:190} INFO - [2026-04-05T06:13:31.467+0000] {dag.py:3239} INFO - Sync 1 DAGs
[2026-04-05T06:13:31.483+0000] {logging_mixin.py:190} INFO - [2026-04-05T06:13:31.483+0000] {dag.py:4180} INFO - Setting next_dagrun for hello_world to 2026-04-05 00:00:00+00:00, run_after=2026-04-06 00:00:00+00:00
[2026-04-05T06:13:31.493+0000] {processor.py:208} INFO - Processing /opt/airflow/dags/dbt_example.py took 0.079 seconds
[2026-04-05T06:14:01.796+0000] {processor.py:186} INFO - Started process (PID=246) to work on /opt/airflow/dags/dbt_example.py
[2026-04-05T06:14:01.797+0000] {processor.py:914} INFO - Processing file /opt/airflow/dags/dbt_example.py for tasks to queue
[2026-04-05T06:14:01.799+0000] {logging_mixin.py:190} INFO - [2026-04-05T06:14:01.799+0000] {dagbag.py:588} INFO - Filling up the DagBag from /opt/airflow/dags/dbt_example.py
[2026-04-05T06:14:01.811+0000] {processor.py:925} INFO - DAG(s) 'hello_world' retrieved from /opt/airflow/dags/dbt_example.py
[2026-04-05T06:14:01.836+0000] {logging_mixin.py:190} INFO - [2026-04-05T06:14:01.836+0000] {dag.py:3239} INFO - Sync 1 DAGs
[2026-04-05T06:14:01.854+0000] {logging_mixin.py:190} INFO - [2026-04-05T06:14:01.854+0000] {dag.py:4180} INFO - Setting next_dagrun for hello_world to 2026-04-05 00:00:00+00:00, run_after=2026-04-06 00:00:00+00:00
[2026-04-05T06:14:01.872+0000] {processor.py:208} INFO - Processing /opt/airflow/dags/dbt_example.py took 0.084 seconds
[2026-04-05T06:14:32.205+0000] {processor.py:186} INFO - Started process (PID=251) to work on /opt/airflow/dags/dbt_example.py
[2026-04-05T06:14:32.207+0000] {processor.py:914} INFO - Processing file /opt/airflow/dags/dbt_example.py for tasks to queue
[2026-04-05T06:14:32.210+0000] {logging_mixin.py:190} INFO - [2026-04-05T06:14:32.209+0000] {dagbag.py:588} INFO - Filling up the DagBag from /opt/airflow/dags/dbt_example.py
[2026-04-05T06:14:32.221+0000] {processor.py:925} INFO - DAG(s) 'hello_world' retrieved from /opt/airflow/dags/dbt_example.py
[2026-04-05T06:14:32.242+0000] {logging_mixin.py:190} INFO - [2026-04-05T06:14:32.242+0000] {dag.py:3239} INFO - Sync 1 DAGs
[2026-04-05T06:14:32.261+0000] {logging_mixin.py:190} INFO - [2026-04-05T06:14:32.261+0000] {dag.py:4180} INFO - Setting next_dagrun for hello_world to 2026-04-05 00:00:00+00:00, run_after=2026-04-06 00:00:00+00:00
[2026-04-05T06:14:32.269+0000] {processor.py:208} INFO - Processing /opt/airflow/dags/dbt_example.py took 0.071 seconds
[2026-04-05T06:15:02.614+0000] {processor.py:186} INFO - Started process (PID=256) to work on /opt/airflow/dags/dbt_example.py
[2026-04-05T06:15:02.615+0000] {processor.py:914} INFO - Processing file /opt/airflow/dags/dbt_example.py for tasks to queue
[2026-04-05T06:15:02.617+0000] {logging_mixin.py:190} INFO - [2026-04-05T06:15:02.617+0000] {dagbag.py:588} INFO - Filling up the DagBag from /opt/airflow/dags/dbt_example.py
[2026-04-05T06:15:02.631+0000] {processor.py:925} INFO - DAG(s) 'hello_world' retrieved from /opt/airflow/dags/dbt_example.py
[2026-04-05T06:15:02.666+0000] {logging_mixin.py:190} INFO - [2026-04-05T06:15:02.666+0000] {dag.py:3239} INFO - Sync 1 DAGs
[2026-04-05T06:15:02.681+0000] {logging_mixin.py:190} INFO - [2026-04-05T06:15:02.681+0000] {dag.py:4180} INFO - Setting next_dagrun for hello_world to 2026-04-05 00:00:00+00:00, run_after=2026-04-06 00:00:00+00:00
[2026-04-05T06:15:02.689+0000] {processor.py:208} INFO - Processing /opt/airflow/dags/dbt_example.py took 0.082 seconds
[2026-04-05T06:15:32.930+0000] {processor.py:186} INFO - Started process (PID=261) to work on /opt/airflow/dags/dbt_example.py
[2026-04-05T06:15:32.933+0000] {processor.py:914} INFO - Processing file /opt/airflow/dags/dbt_example.py for tasks to queue
[2026-04-05T06:15:32.936+0000] {logging_mixin.py:190} INFO - [2026-04-05T06:15:32.935+0000] {dagbag.py:588} INFO - Filling up the DagBag from /opt/airflow/dags/dbt_example.py
[2026-04-05T06:15:32.948+0000] {processor.py:925} INFO - DAG(s) 'hello_world' retrieved from /opt/airflow/dags/dbt_example.py
[2026-04-05T06:15:32.972+0000] {logging_mixin.py:190} INFO - [2026-04-05T06:15:32.971+0000] {dag.py:3239} INFO - Sync 1 DAGs
[2026-04-05T06:15:32.985+0000] {logging_mixin.py:190} INFO - [2026-04-05T06:15:32.985+0000] {dag.py:4180} INFO - Setting next_dagrun for hello_world to 2026-04-05 00:00:00+00:00, run_after=2026-04-06 00:00:00+00:00
[2026-04-05T06:15:32.994+0000] {processor.py:208} INFO - Processing /opt/airflow/dags/dbt_example.py took 0.072 seconds
[2026-04-05T06:15:46.948+0000] {processor.py:186} INFO - Started process (PID=170) to work on /opt/airflow/dags/dbt_example.py
[2026-04-05T06:15:46.949+0000] {processor.py:914} INFO - Processing file /opt/airflow/dags/dbt_example.py for tasks to queue
[2026-04-05T06:15:46.951+0000] {logging_mixin.py:190} INFO - [2026-04-05T06:15:46.951+0000] {dagbag.py:588} INFO - Filling up the DagBag from /opt/airflow/dags/dbt_example.py
[2026-04-05T06:15:46.965+0000] {processor.py:925} INFO - DAG(s) 'hello_world' retrieved from /opt/airflow/dags/dbt_example.py
[2026-04-05T06:15:46.991+0000] {logging_mixin.py:190} INFO - [2026-04-05T06:15:46.991+0000] {dag.py:3239} INFO - Sync 1 DAGs
[2026-04-05T06:15:47.011+0000] {logging_mixin.py:190} INFO - [2026-04-05T06:15:47.011+0000] {dag.py:4180} INFO - Setting next_dagrun for hello_world to 2026-04-05 00:00:00+00:00, run_after=2026-04-06 00:00:00+00:00
[2026-04-05T06:15:47.024+0000] {processor.py:208} INFO - Processing /opt/airflow/dags/dbt_example.py took 0.080 seconds
[2026-04-05T06:16:19.403+0000] {processor.py:186} INFO - Started process (PID=179) to work on /opt/airflow/dags/dbt_example.py
[2026-04-05T06:16:19.406+0000] {processor.py:914} INFO - Processing file /opt/airflow/dags/dbt_example.py for tasks to queue
[2026-04-05T06:16:19.409+0000] {logging_mixin.py:190} INFO - [2026-04-05T06:16:19.409+0000] {dagbag.py:588} INFO - Filling up the DagBag from /opt/airflow/dags/dbt_example.py
[2026-04-05T06:16:19.426+0000] {processor.py:925} INFO - DAG(s) 'hello_world' retrieved from /opt/airflow/dags/dbt_example.py
[2026-04-05T06:16:19.455+0000] {logging_mixin.py:190} INFO - [2026-04-05T06:16:19.455+0000] {dag.py:3239} INFO - Sync 1 DAGs
[2026-04-05T06:16:19.472+0000] {logging_mixin.py:190} INFO - [2026-04-05T06:16:19.472+0000] {dag.py:4180} INFO - Setting next_dagrun for hello_world to 2026-04-05 00:00:00+00:00, run_after=2026-04-06 00:00:00+00:00
[2026-04-05T06:16:19.487+0000] {processor.py:208} INFO - Processing /opt/airflow/dags/dbt_example.py took 0.091 seconds
[2026-04-05T06:16:49.874+0000] {processor.py:186} INFO - Started process (PID=189) to work on /opt/airflow/dags/dbt_example.py
[2026-04-05T06:16:49.876+0000] {processor.py:914} INFO - Processing file /opt/airflow/dags/dbt_example.py for tasks to queue
[2026-04-05T06:16:49.878+0000] {logging_mixin.py:190} INFO - [2026-04-05T06:16:49.878+0000] {dagbag.py:588} INFO - Filling up the DagBag from /opt/airflow/dags/dbt_example.py
[2026-04-05T06:16:49.892+0000] {processor.py:925} INFO - DAG(s) 'hello_world' retrieved from /opt/airflow/dags/dbt_example.py
[2026-04-05T06:16:49.915+0000] {logging_mixin.py:190} INFO - [2026-04-05T06:16:49.915+0000] {dag.py:3239} INFO - Sync 1 DAGs
[2026-04-05T06:16:49.933+0000] {logging_mixin.py:190} INFO - [2026-04-05T06:16:49.933+0000] {dag.py:4180} INFO - Setting next_dagrun for hello_world to 2026-04-05 00:00:00+00:00, run_after=2026-04-06 00:00:00+00:00
[2026-04-05T06:16:49.946+0000] {processor.py:208} INFO - Processing /opt/airflow/dags/dbt_example.py took 0.078 seconds
[2026-04-05T06:17:20.495+0000] {processor.py:186} INFO - Started process (PID=222) to work on /opt/airflow/dags/dbt_example.py
[2026-04-05T06:17:20.501+0000] {processor.py:914} INFO - Processing file /opt/airflow/dags/dbt_example.py for tasks to queue
[2026-04-05T06:17:20.507+0000] {logging_mixin.py:190} INFO - [2026-04-05T06:17:20.507+0000] {dagbag.py:588} INFO - Filling up the DagBag from /opt/airflow/dags/dbt_example.py
[2026-04-05T06:17:20.526+0000] {processor.py:925} INFO - DAG(s) 'hello_world' retrieved from /opt/airflow/dags/dbt_example.py
[2026-04-05T06:17:20.566+0000] {logging_mixin.py:190} INFO - [2026-04-05T06:17:20.566+0000] {dag.py:3239} INFO - Sync 1 DAGs
[2026-04-05T06:17:20.605+0000] {logging_mixin.py:190} INFO - [2026-04-05T06:17:20.604+0000] {dag.py:4180} INFO - Setting next_dagrun for hello_world to 2026-04-05 00:00:00+00:00, run_after=2026-04-06 00:00:00+00:00
[2026-04-05T06:17:20.624+0000] {processor.py:208} INFO - Processing /opt/airflow/dags/dbt_example.py took 0.144 seconds
[2026-04-05T06:17:50.988+0000] {processor.py:186} INFO - Started process (PID=238) to work on /opt/airflow/dags/dbt_example.py
[2026-04-05T06:17:50.991+0000] {processor.py:914} INFO - Processing file /opt/airflow/dags/dbt_example.py for tasks to queue
[2026-04-05T06:17:50.994+0000] {logging_mixin.py:190} INFO - [2026-04-05T06:17:50.994+0000] {dagbag.py:588} INFO - Filling up the DagBag from /opt/airflow/dags/dbt_example.py
[2026-04-05T06:17:51.007+0000] {processor.py:925} INFO - DAG(s) 'hello_world' retrieved from /opt/airflow/dags/dbt_example.py
[2026-04-05T06:17:51.031+0000] {logging_mixin.py:190} INFO - [2026-04-05T06:17:51.031+0000] {dag.py:3239} INFO - Sync 1 DAGs
[2026-04-05T06:17:51.046+0000] {logging_mixin.py:190} INFO - [2026-04-05T06:17:51.046+0000] {dag.py:4180} INFO - Setting next_dagrun for hello_world to 2026-04-05 00:00:00+00:00, run_after=2026-04-06 00:00:00+00:00
[2026-04-05T06:17:51.057+0000] {processor.py:208} INFO - Processing /opt/airflow/dags/dbt_example.py took 0.075 seconds
[2026-04-05T06:18:21.421+0000] {processor.py:186} INFO - Started process (PID=249) to work on /opt/airflow/dags/dbt_example.py
[2026-04-05T06:18:21.423+0000] {processor.py:914} INFO - Processing file /opt/airflow/dags/dbt_example.py for tasks to queue
[2026-04-05T06:18:21.427+0000] {logging_mixin.py:190} INFO - [2026-04-05T06:18:21.426+0000] {dagbag.py:588} INFO - Filling up the DagBag from /opt/airflow/dags/dbt_example.py
[2026-04-05T06:18:21.436+0000] {processor.py:925} INFO - DAG(s) 'hello_world' retrieved from /opt/airflow/dags/dbt_example.py
[2026-04-05T06:18:21.452+0000] {logging_mixin.py:190} INFO - [2026-04-05T06:18:21.452+0000] {dag.py:3239} INFO - Sync 1 DAGs
[2026-04-05T06:18:21.464+0000] {logging_mixin.py:190} INFO - [2026-04-05T06:18:21.464+0000] {dag.py:4180} INFO - Setting next_dagrun for hello_world to 2026-04-05 00:00:00+00:00, run_after=2026-04-06 00:00:00+00:00
[2026-04-05T06:18:21.478+0000] {processor.py:208} INFO - Processing /opt/airflow/dags/dbt_example.py took 0.064 seconds
[2026-04-05T06:18:51.798+0000] {processor.py:186} INFO - Started process (PID=258) to work on /opt/airflow/dags/dbt_example.py
[2026-04-05T06:18:51.801+0000] {processor.py:914} INFO - Processing file /opt/airflow/dags/dbt_example.py for tasks to queue
[2026-04-05T06:18:51.805+0000] {logging_mixin.py:190} INFO - [2026-04-05T06:18:51.804+0000] {dagbag.py:588} INFO - Filling up the DagBag from /opt/airflow/dags/dbt_example.py
[2026-04-05T06:18:51.836+0000] {processor.py:925} INFO - DAG(s) 'hello_world' retrieved from /opt/airflow/dags/dbt_example.py
[2026-04-05T06:18:51.865+0000] {logging_mixin.py:190} INFO - [2026-04-05T06:18:51.865+0000] {dag.py:3239} INFO - Sync 1 DAGs
[2026-04-05T06:18:51.878+0000] {logging_mixin.py:190} INFO - [2026-04-05T06:18:51.878+0000] {dag.py:4180} INFO - Setting next_dagrun for hello_world to 2026-04-05 00:00:00+00:00, run_after=2026-04-06 00:00:00+00:00
[2026-04-05T06:18:51.891+0000] {processor.py:208} INFO - Processing /opt/airflow/dags/dbt_example.py took 0.101 seconds
[2026-04-05T06:19:22.273+0000] {processor.py:186} INFO - Started process (PID=269) to work on /opt/airflow/dags/dbt_example.py
[2026-04-05T06:19:22.274+0000] {processor.py:914} INFO - Processing file /opt/airflow/dags/dbt_example.py for tasks to queue
[2026-04-05T06:19:22.276+0000] {logging_mixin.py:190} INFO - [2026-04-05T06:19:22.276+0000] {dagbag.py:588} INFO - Filling up the DagBag from /opt/airflow/dags/dbt_example.py
[2026-04-05T06:19:22.288+0000] {processor.py:925} INFO - DAG(s) 'hello_world' retrieved from /opt/airflow/dags/dbt_example.py
[2026-04-05T06:19:22.306+0000] {logging_mixin.py:190} INFO - [2026-04-05T06:19:22.306+0000] {dag.py:3239} INFO - Sync 1 DAGs
[2026-04-05T06:19:22.323+0000] {logging_mixin.py:190} INFO - [2026-04-05T06:19:22.323+0000] {dag.py:4180} INFO - Setting next_dagrun for hello_world to 2026-04-05 00:00:00+00:00, run_after=2026-04-06 00:00:00+00:00
[2026-04-05T06:19:22.335+0000] {processor.py:208} INFO - Processing /opt/airflow/dags/dbt_example.py took 0.068 seconds
