[2026-04-05T06:15:46.945+0000] {processor.py:186} INFO - Started process (PID=167) to work on /opt/airflow/dags/dbt_pipeline.py
[2026-04-05T06:15:46.946+0000] {processor.py:914} INFO - Processing file /opt/airflow/dags/dbt_pipeline.py for tasks to queue
[2026-04-05T06:15:46.948+0000] {logging_mixin.py:190} INFO - [2026-04-05T06:15:46.948+0000] {dagbag.py:588} INFO - Filling up the DagBag from /opt/airflow/dags/dbt_pipeline.py
[2026-04-05T06:15:46.965+0000] {processor.py:925} INFO - DAG(s) 'dbt_pipeline' retrieved from /opt/airflow/dags/dbt_pipeline.py
[2026-04-05T06:15:47.139+0000] {logging_mixin.py:190} INFO - [2026-04-05T06:15:47.139+0000] {override.py:1912} INFO - Created Permission View: can read on DAG:dbt_pipeline
[2026-04-05T06:15:47.143+0000] {logging_mixin.py:190} INFO - [2026-04-05T06:15:47.143+0000] {override.py:1912} INFO - Created Permission View: can delete on DAG:dbt_pipeline
[2026-04-05T06:15:47.146+0000] {logging_mixin.py:190} INFO - [2026-04-05T06:15:47.146+0000] {override.py:1912} INFO - Created Permission View: can edit on DAG:dbt_pipeline
[2026-04-05T06:15:47.148+0000] {logging_mixin.py:190} INFO - [2026-04-05T06:15:47.148+0000] {override.py:1912} INFO - Created Permission View: can read on DAG Run:dbt_pipeline
[2026-04-05T06:15:47.150+0000] {logging_mixin.py:190} INFO - [2026-04-05T06:15:47.150+0000] {override.py:1912} INFO - Created Permission View: can delete on DAG Run:dbt_pipeline
[2026-04-05T06:15:47.152+0000] {logging_mixin.py:190} INFO - [2026-04-05T06:15:47.152+0000] {override.py:1912} INFO - Created Permission View: can create on DAG Run:dbt_pipeline
[2026-04-05T06:15:47.155+0000] {logging_mixin.py:190} INFO - [2026-04-05T06:15:47.155+0000] {override.py:1912} INFO - Created Permission View: menu access on DAG Run:dbt_pipeline
[2026-04-05T06:15:47.155+0000] {logging_mixin.py:190} INFO - [2026-04-05T06:15:47.155+0000] {dag.py:3239} INFO - Sync 1 DAGs
[2026-04-05T06:15:47.161+0000] {logging_mixin.py:190} INFO - [2026-04-05T06:15:47.161+0000] {dag.py:3262} INFO - Creating ORM DAG for dbt_pipeline
[2026-04-05T06:15:47.167+0000] {logging_mixin.py:190} INFO - [2026-04-05T06:15:47.166+0000] {dag.py:4180} INFO - Setting next_dagrun for dbt_pipeline to 2026-04-04 00:00:00+00:00, run_after=2026-04-05 00:00:00+00:00
[2026-04-05T06:15:47.176+0000] {processor.py:208} INFO - Processing /opt/airflow/dags/dbt_pipeline.py took 0.235 seconds
[2026-04-05T06:16:19.402+0000] {processor.py:186} INFO - Started process (PID=177) to work on /opt/airflow/dags/dbt_pipeline.py
[2026-04-05T06:16:19.403+0000] {processor.py:914} INFO - Processing file /opt/airflow/dags/dbt_pipeline.py for tasks to queue
[2026-04-05T06:16:19.408+0000] {logging_mixin.py:190} INFO - [2026-04-05T06:16:19.407+0000] {dagbag.py:588} INFO - Filling up the DagBag from /opt/airflow/dags/dbt_pipeline.py
[2026-04-05T06:16:19.425+0000] {processor.py:925} INFO - DAG(s) 'dbt_pipeline' retrieved from /opt/airflow/dags/dbt_pipeline.py
[2026-04-05T06:16:19.455+0000] {logging_mixin.py:190} INFO - [2026-04-05T06:16:19.455+0000] {dag.py:3239} INFO - Sync 1 DAGs
[2026-04-05T06:16:19.474+0000] {logging_mixin.py:190} INFO - [2026-04-05T06:16:19.474+0000] {dag.py:4180} INFO - Setting next_dagrun for dbt_pipeline to 2026-04-04 00:00:00+00:00, run_after=2026-04-05 00:00:00+00:00
[2026-04-05T06:16:19.488+0000] {processor.py:208} INFO - Processing /opt/airflow/dags/dbt_pipeline.py took 0.094 seconds
[2026-04-05T06:16:49.871+0000] {processor.py:186} INFO - Started process (PID=187) to work on /opt/airflow/dags/dbt_pipeline.py
[2026-04-05T06:16:49.873+0000] {processor.py:914} INFO - Processing file /opt/airflow/dags/dbt_pipeline.py for tasks to queue
[2026-04-05T06:16:49.876+0000] {logging_mixin.py:190} INFO - [2026-04-05T06:16:49.875+0000] {dagbag.py:588} INFO - Filling up the DagBag from /opt/airflow/dags/dbt_pipeline.py
[2026-04-05T06:16:49.891+0000] {processor.py:925} INFO - DAG(s) 'dbt_pipeline' retrieved from /opt/airflow/dags/dbt_pipeline.py
[2026-04-05T06:16:49.916+0000] {logging_mixin.py:190} INFO - [2026-04-05T06:16:49.915+0000] {dag.py:3239} INFO - Sync 1 DAGs
[2026-04-05T06:16:49.936+0000] {logging_mixin.py:190} INFO - [2026-04-05T06:16:49.936+0000] {dag.py:4180} INFO - Setting next_dagrun for dbt_pipeline to 2026-04-04 00:00:00+00:00, run_after=2026-04-05 00:00:00+00:00
[2026-04-05T06:16:49.948+0000] {processor.py:208} INFO - Processing /opt/airflow/dags/dbt_pipeline.py took 0.087 seconds
[2026-04-05T06:17:20.494+0000] {processor.py:186} INFO - Started process (PID=220) to work on /opt/airflow/dags/dbt_pipeline.py
[2026-04-05T06:17:20.502+0000] {processor.py:914} INFO - Processing file /opt/airflow/dags/dbt_pipeline.py for tasks to queue
[2026-04-05T06:17:20.507+0000] {logging_mixin.py:190} INFO - [2026-04-05T06:17:20.507+0000] {dagbag.py:588} INFO - Filling up the DagBag from /opt/airflow/dags/dbt_pipeline.py
[2026-04-05T06:17:20.528+0000] {processor.py:925} INFO - DAG(s) 'dbt_pipeline' retrieved from /opt/airflow/dags/dbt_pipeline.py
[2026-04-05T06:17:20.566+0000] {logging_mixin.py:190} INFO - [2026-04-05T06:17:20.565+0000] {dag.py:3239} INFO - Sync 1 DAGs
[2026-04-05T06:17:20.607+0000] {logging_mixin.py:190} INFO - [2026-04-05T06:17:20.605+0000] {dag.py:4180} INFO - Setting next_dagrun for dbt_pipeline to 2026-04-05 00:00:00+00:00, run_after=2026-04-06 00:00:00+00:00
[2026-04-05T06:17:20.635+0000] {processor.py:208} INFO - Processing /opt/airflow/dags/dbt_pipeline.py took 0.155 seconds
[2026-04-05T06:17:50.988+0000] {processor.py:186} INFO - Started process (PID=236) to work on /opt/airflow/dags/dbt_pipeline.py
[2026-04-05T06:17:50.991+0000] {processor.py:914} INFO - Processing file /opt/airflow/dags/dbt_pipeline.py for tasks to queue
[2026-04-05T06:17:50.994+0000] {logging_mixin.py:190} INFO - [2026-04-05T06:17:50.993+0000] {dagbag.py:588} INFO - Filling up the DagBag from /opt/airflow/dags/dbt_pipeline.py
[2026-04-05T06:17:51.007+0000] {processor.py:925} INFO - DAG(s) 'dbt_pipeline' retrieved from /opt/airflow/dags/dbt_pipeline.py
[2026-04-05T06:17:51.031+0000] {logging_mixin.py:190} INFO - [2026-04-05T06:17:51.031+0000] {dag.py:3239} INFO - Sync 1 DAGs
[2026-04-05T06:17:51.045+0000] {logging_mixin.py:190} INFO - [2026-04-05T06:17:51.045+0000] {dag.py:4180} INFO - Setting next_dagrun for dbt_pipeline to 2026-04-05 00:00:00+00:00, run_after=2026-04-06 00:00:00+00:00
[2026-04-05T06:17:51.057+0000] {processor.py:208} INFO - Processing /opt/airflow/dags/dbt_pipeline.py took 0.076 seconds
[2026-04-05T06:18:21.414+0000] {processor.py:186} INFO - Started process (PID=246) to work on /opt/airflow/dags/dbt_pipeline.py
[2026-04-05T06:18:21.416+0000] {processor.py:914} INFO - Processing file /opt/airflow/dags/dbt_pipeline.py for tasks to queue
[2026-04-05T06:18:21.418+0000] {logging_mixin.py:190} INFO - [2026-04-05T06:18:21.418+0000] {dagbag.py:588} INFO - Filling up the DagBag from /opt/airflow/dags/dbt_pipeline.py
[2026-04-05T06:18:21.427+0000] {processor.py:925} INFO - DAG(s) 'dbt_pipeline' retrieved from /opt/airflow/dags/dbt_pipeline.py
[2026-04-05T06:18:21.449+0000] {logging_mixin.py:190} INFO - [2026-04-05T06:18:21.448+0000] {dag.py:3239} INFO - Sync 1 DAGs
[2026-04-05T06:18:21.461+0000] {logging_mixin.py:190} INFO - [2026-04-05T06:18:21.461+0000] {dag.py:4180} INFO - Setting next_dagrun for dbt_pipeline to 2026-04-05 00:00:00+00:00, run_after=2026-04-06 00:00:00+00:00
[2026-04-05T06:18:21.478+0000] {processor.py:208} INFO - Processing /opt/airflow/dags/dbt_pipeline.py took 0.070 seconds
[2026-04-05T06:18:51.798+0000] {processor.py:186} INFO - Started process (PID=256) to work on /opt/airflow/dags/dbt_pipeline.py
[2026-04-05T06:18:51.801+0000] {processor.py:914} INFO - Processing file /opt/airflow/dags/dbt_pipeline.py for tasks to queue
[2026-04-05T06:18:51.806+0000] {logging_mixin.py:190} INFO - [2026-04-05T06:18:51.806+0000] {dagbag.py:588} INFO - Filling up the DagBag from /opt/airflow/dags/dbt_pipeline.py
[2026-04-05T06:18:51.836+0000] {processor.py:925} INFO - DAG(s) 'dbt_pipeline' retrieved from /opt/airflow/dags/dbt_pipeline.py
[2026-04-05T06:18:51.865+0000] {logging_mixin.py:190} INFO - [2026-04-05T06:18:51.864+0000] {dag.py:3239} INFO - Sync 1 DAGs
[2026-04-05T06:18:51.880+0000] {logging_mixin.py:190} INFO - [2026-04-05T06:18:51.880+0000] {dag.py:4180} INFO - Setting next_dagrun for dbt_pipeline to 2026-04-05 00:00:00+00:00, run_after=2026-04-06 00:00:00+00:00
[2026-04-05T06:18:51.891+0000] {processor.py:208} INFO - Processing /opt/airflow/dags/dbt_pipeline.py took 0.103 seconds
[2026-04-05T06:19:22.271+0000] {processor.py:186} INFO - Started process (PID=266) to work on /opt/airflow/dags/dbt_pipeline.py
[2026-04-05T06:19:22.273+0000] {processor.py:914} INFO - Processing file /opt/airflow/dags/dbt_pipeline.py for tasks to queue
[2026-04-05T06:19:22.274+0000] {logging_mixin.py:190} INFO - [2026-04-05T06:19:22.274+0000] {dagbag.py:588} INFO - Filling up the DagBag from /opt/airflow/dags/dbt_pipeline.py
[2026-04-05T06:19:22.287+0000] {processor.py:925} INFO - DAG(s) 'dbt_pipeline' retrieved from /opt/airflow/dags/dbt_pipeline.py
[2026-04-05T06:19:22.309+0000] {logging_mixin.py:190} INFO - [2026-04-05T06:19:22.309+0000] {dag.py:3239} INFO - Sync 1 DAGs
[2026-04-05T06:19:22.327+0000] {logging_mixin.py:190} INFO - [2026-04-05T06:19:22.327+0000] {dag.py:4180} INFO - Setting next_dagrun for dbt_pipeline to 2026-04-05 00:00:00+00:00, run_after=2026-04-06 00:00:00+00:00
[2026-04-05T06:19:22.338+0000] {processor.py:208} INFO - Processing /opt/airflow/dags/dbt_pipeline.py took 0.073 seconds
