[0m00:46:04.651345 [debug] [MainThread]: Sending event: {'category': 'dbt', 'action': 'invocation', 'label': 'start', 'context': [<snowplow_tracker.self_describing_json.SelfDescribingJson object at 0x1081ccc20>, <snowplow_tracker.self_describing_json.SelfDescribingJson object at 0x1097e7c50>, <snowplow_tracker.self_describing_json.SelfDescribingJson object at 0x1097e7ed0>]}


============================== 00:46:04.670837 | 5e2f7112-d6e0-4c86-875c-113530480e72 ==============================
[0m00:46:04.670837 [info ] [MainThread]: Running with dbt=1.11.7
[0m00:46:04.671146 [debug] [MainThread]: running dbt with arguments {'printer_width': '80', 'log_format': 'default', 'profiles_dir': '/Users/luaaa/.dbt', 'log_cache_events': 'False', 'warn_error': 'None', 'fail_fast': 'False', 'use_experimental_parser': 'False', 'quiet': 'False', 'version_check': 'True', 'empty': 'None', 'write_json': 'True', 'target_path': 'None', 'use_colors': 'True', 'partial_parse': 'True', 'indirect_selection': 'eager', 'debug': 'False', 'warn_error_options': 'WarnErrorOptionsV2(error=[], warn=[], silence=[])', 'send_anonymous_usage_stats': 'True', 'static_parser': 'True', 'cache_selected_only': 'False', 'invocation_command': 'dbt init my_sample_project', 'log_path': 'logs', 'no_print': 'None', 'introspect': 'True'}
[0m00:46:04.750383 [info ] [MainThread]: Creating dbt configuration folder at /Users/luaaa/.dbt
[0m00:46:04.753105 [debug] [MainThread]: Starter project path: /Users/luaaa/Desktop/GitHub/DBT-postgre-with-airflow/.venv/lib/python3.13/site-packages/dbt/include/starter_project
[0m00:46:04.761754 [info ] [MainThread]: 
Your new dbt project "my_sample_project" was created!

For more information on how to configure the profiles.yml file,
please consult the dbt documentation here:

  https://docs.getdbt.com/docs/configure-your-profile

One more thing:

Need help? Don't hesitate to reach out to us via GitHub issues or on Slack:

  https://community.getdbt.com/

Happy modeling!

[0m00:46:04.761998 [info ] [MainThread]: Setting up your profile.
[0m00:55:12.234385 [info ] [MainThread]: Profile my_sample_project written to /Users/luaaa/.dbt/profiles.yml using target's profile_template.yml and your supplied values. Run 'dbt debug' to validate the connection.
[0m00:55:12.245694 [debug] [MainThread]: Resource report: {"command_name": "init", "command_success": true, "command_wall_clock_time": 547.62836, "process_in_blocks": "0", "process_kernel_time": 0.448438, "process_mem_max_rss": "142688256", "process_out_blocks": "0", "process_user_time": 1.550131}
[0m00:55:12.246737 [debug] [MainThread]: Command `dbt init` succeeded at 00:55:12.246567 after 547.63 seconds
[0m00:55:12.248499 [debug] [MainThread]: Sending event: {'category': 'dbt', 'action': 'invocation', 'label': 'end', 'context': [<snowplow_tracker.self_describing_json.SelfDescribingJson object at 0x109a44b00>, <snowplow_tracker.self_describing_json.SelfDescribingJson object at 0x107c07410>, <snowplow_tracker.self_describing_json.SelfDescribingJson object at 0x1099b4380>]}
[0m00:55:12.249522 [debug] [MainThread]: Flushing usage events
[0m00:55:14.154832 [debug] [MainThread]: An error was encountered while trying to flush usage events
[0m00:56:54.017936 [debug] [MainThread]: Sending event: {'category': 'dbt', 'action': 'invocation', 'label': 'start', 'context': [<snowplow_tracker.self_describing_json.SelfDescribingJson object at 0x10b194980>, <snowplow_tracker.self_describing_json.SelfDescribingJson object at 0x10c0cf750>, <snowplow_tracker.self_describing_json.SelfDescribingJson object at 0x10c0cf9d0>]}


============================== 00:56:54.021069 | a5e86e07-88cb-4cf5-b7ab-9e1f73903fb3 ==============================
[0m00:56:54.021069 [info ] [MainThread]: Running with dbt=1.11.7
[0m00:56:54.021388 [debug] [MainThread]: running dbt with arguments {'cache_selected_only': 'False', 'target_path': 'None', 'send_anonymous_usage_stats': 'True', 'introspect': 'True', 'partial_parse': 'True', 'log_cache_events': 'False', 'profiles_dir': '/Users/luaaa/.dbt', 'log_path': 'logs', 'write_json': 'True', 'version_check': 'True', 'invocation_command': 'dbt debug', 'debug': 'False', 'warn_error_options': 'WarnErrorOptionsV2(error=[], warn=[], silence=[])', 'no_print': 'None', 'indirect_selection': 'eager', 'printer_width': '80', 'log_format': 'default', 'static_parser': 'True', 'fail_fast': 'False', 'use_experimental_parser': 'False', 'quiet': 'False', 'warn_error': 'None', 'use_colors': 'True', 'empty': 'None'}
[0m00:56:54.034170 [info ] [MainThread]: dbt version: 1.11.7
[0m00:56:54.034474 [info ] [MainThread]: python version: 3.13.12
[0m00:56:54.034653 [info ] [MainThread]: python path: /Users/luaaa/Desktop/GitHub/DBT-postgre-with-airflow/.venv/bin/python3
[0m00:56:54.034787 [info ] [MainThread]: os info: macOS-26.4-arm64-arm-64bit-Mach-O
[0m00:56:54.076918 [info ] [MainThread]: Using profiles dir at /Users/luaaa/.dbt
[0m00:56:54.077220 [info ] [MainThread]: Using profiles.yml file at /Users/luaaa/.dbt/profiles.yml
[0m00:56:54.077445 [info ] [MainThread]: Using dbt_project.yml file at /Users/luaaa/Desktop/GitHub/DBT-postgre-with-airflow/dbt/dbt_project.yml
[0m00:56:54.078331 [info ] [MainThread]: adapter type: postgres
[0m00:56:54.078502 [info ] [MainThread]: adapter version: 1.10.0
[0m00:56:54.078640 [info ] [MainThread]: Configuration:
[0m00:56:54.078754 [info ] [MainThread]:   profiles.yml file [[32mOK found and valid[0m]
[0m00:56:54.078863 [info ] [MainThread]:   dbt_project.yml file [[31mERROR not found[0m]
[0m00:56:54.078971 [info ] [MainThread]: Required dependencies:
[0m00:56:54.079120 [debug] [MainThread]: Executing "git --help"
[0m00:56:54.097818 [debug] [MainThread]: STDOUT: "b"usage: git [-v | --version] [-h | --help] [-C <path>] [-c <name>=<value>]\n           [--exec-path[=<path>]] [--html-path] [--man-path] [--info-path]\n           [-p | --paginate | -P | --no-pager] [--no-replace-objects] [--no-lazy-fetch]\n           [--no-optional-locks] [--no-advice] [--bare] [--git-dir=<path>]\n           [--work-tree=<path>] [--namespace=<name>] [--config-env=<name>=<envvar>]\n           <command> [<args>]\n\nThese are common Git commands used in various situations:\n\nstart a working area (see also: git help tutorial)\n   clone     Clone a repository into a new directory\n   init      Create an empty Git repository or reinitialize an existing one\n\nwork on the current change (see also: git help everyday)\n   add       Add file contents to the index\n   mv        Move or rename a file, a directory, or a symlink\n   restore   Restore working tree files\n   rm        Remove files from the working tree and from the index\n\nexamine the history and state (see also: git help revisions)\n   bisect    Use binary search to find the commit that introduced a bug\n   diff      Show changes between commits, commit and working tree, etc\n   grep      Print lines matching a pattern\n   log       Show commit logs\n   show      Show various types of objects\n   status    Show the working tree status\n\ngrow, mark and tweak your common history\n   branch    List, create, or delete branches\n   commit    Record changes to the repository\n   merge     Join two or more development histories together\n   rebase    Reapply commits on top of another base tip\n   reset     Reset current HEAD to the specified state\n   switch    Switch branches\n   tag       Create, list, delete or verify a tag object signed with GPG\n\ncollaborate (see also: git help workflows)\n   fetch     Download objects and refs from another repository\n   pull      Fetch from and integrate with another repository or a local branch\n   push      Update remote refs along with associated objects\n\n'git help -a' and 'git help -g' list available subcommands and some\nconcept guides. See 'git help <command>' or 'git help <concept>'\nto read about a specific subcommand or concept.\nSee 'git help git' for an overview of the system.\n""
[0m00:56:54.098366 [debug] [MainThread]: STDERR: "b''"
[0m00:56:54.098538 [info ] [MainThread]:  - git [[32mOK found[0m]

[0m00:56:54.098684 [info ] [MainThread]: Connection:
[0m00:56:54.098830 [info ] [MainThread]:   host: localhost
[0m00:56:54.098947 [info ] [MainThread]:   port: 5000
[0m00:56:54.099057 [info ] [MainThread]:   user: dw_user
[0m00:56:54.099156 [info ] [MainThread]:   database: dw
[0m00:56:54.099256 [info ] [MainThread]:   schema: public
[0m00:56:54.099354 [info ] [MainThread]:   connect_timeout: 10
[0m00:56:54.099457 [info ] [MainThread]:   role: None
[0m00:56:54.099573 [info ] [MainThread]:   search_path: None
[0m00:56:54.099765 [info ] [MainThread]:   keepalives_idle: 0
[0m00:56:54.099943 [info ] [MainThread]:   sslmode: None
[0m00:56:54.100098 [info ] [MainThread]:   sslcert: None
[0m00:56:54.100215 [info ] [MainThread]:   sslkey: None
[0m00:56:54.100322 [info ] [MainThread]:   sslrootcert: None
[0m00:56:54.100422 [info ] [MainThread]:   application_name: dbt
[0m00:56:54.100522 [info ] [MainThread]:   retries: 1
[0m00:56:54.100844 [info ] [MainThread]: Registered adapter: postgres=1.10.0
[0m00:56:54.153023 [debug] [MainThread]: Acquiring new postgres connection 'debug'
[0m00:56:54.206561 [debug] [MainThread]: Using postgres connection "debug"
[0m00:56:54.206788 [debug] [MainThread]: On debug: select 1 as id
[0m00:56:54.206928 [debug] [MainThread]: Opening a new connection, currently in state init
[0m00:56:54.312219 [debug] [MainThread]: Postgres adapter: Got a retryable error when attempting to open a postgres connection.
1 attempts remaining. Retrying in 0 seconds.
Error:
connection to server at "localhost" (127.0.0.1), port 5000 failed: Connection refused
	Is the server running on that host and accepting TCP/IP connections?
connection to server at "localhost" (::1), port 5000 failed: Connection refused
	Is the server running on that host and accepting TCP/IP connections?

[0m00:56:54.314481 [debug] [MainThread]: Postgres adapter: Error running SQL: select 1 as id
[0m00:56:54.314726 [debug] [MainThread]: Postgres adapter: Rolling back transaction.
[0m00:56:54.314918 [debug] [MainThread]: On debug: No close available on handle
[0m00:56:54.315108 [info ] [MainThread]:   Connection test: [[31mERROR[0m]

[0m00:56:54.315334 [info ] [MainThread]: [31m2 checks failed:[0m
[0m00:56:54.315488 [info ] [MainThread]: Project loading failed for the following reason:
 project path </Users/luaaa/Desktop/GitHub/DBT-postgre-with-airflow/dbt/dbt_project.yml> not found

[0m00:56:54.315641 [info ] [MainThread]: dbt was unable to connect to the specified database.
The database returned the following error:

  >Database Error
  connection to server at "localhost" (127.0.0.1), port 5000 failed: Connection refused
  	Is the server running on that host and accepting TCP/IP connections?
  connection to server at "localhost" (::1), port 5000 failed: Connection refused
  	Is the server running on that host and accepting TCP/IP connections?
  

Check your database credentials and try again. For more information, visit:
https://docs.getdbt.com/docs/configure-your-profile


[0m00:56:54.316010 [debug] [MainThread]: Resource report: {"command_name": "debug", "command_success": false, "command_wall_clock_time": 0.33962336, "process_in_blocks": "0", "process_kernel_time": 0.217296, "process_mem_max_rss": "134987776", "process_out_blocks": "0", "process_user_time": 0.707669}
[0m00:56:54.316280 [debug] [MainThread]: Command `dbt debug` failed at 00:56:54.316219 after 0.34 seconds
[0m00:56:54.316458 [debug] [MainThread]: Connection 'debug' was properly closed.
[0m00:56:54.316659 [debug] [MainThread]: Sending event: {'category': 'dbt', 'action': 'invocation', 'label': 'end', 'context': [<snowplow_tracker.self_describing_json.SelfDescribingJson object at 0x10c20b6f0>, <snowplow_tracker.self_describing_json.SelfDescribingJson object at 0x10c8c45f0>, <snowplow_tracker.self_describing_json.SelfDescribingJson object at 0x10c1f8380>]}
[0m00:56:54.316883 [debug] [MainThread]: Flushing usage events
[0m00:56:54.935560 [debug] [MainThread]: An error was encountered while trying to flush usage events
